{"E:\\proyectos\\nodejs\\finanzly_backend\\src\\auth\\auth.controller.ts": {"path":"E:\\proyectos\\nodejs\\finanzly_backend\\src\\auth\\auth.controller.ts","statementMap":{"0":{"start":{"line":1,"column":0},"end":{"line":1,"column":66}},"1":{"start":{"line":2,"column":0},"end":{"line":2,"column":45}},"2":{"start":{"line":4,"column":0},"end":{"line":4,"column":60}},"3":{"start":{"line":5,"column":0},"end":{"line":5,"column":60}},"4":{"start":{"line":6,"column":0},"end":{"line":6,"column":54}},"5":{"start":{"line":9,"column":0},"end":{"line":9,"column":74}},"6":{"start":{"line":11,"column":15},"end":{"line":11,"column":23}},"7":{"start":{"line":12,"column":20},"end":{"line":12,"column":37}},"8":{"start":{"line":14,"column":0},"end":{"line":33,"column":2}},"9":{"start":{"line":18,"column":8},"end":{"line":31,"column":9}},"10":{"start":{"line":19,"column":25},"end":{"line":19,"column":33}},"11":{"start":{"line":20,"column":31},"end":{"line":20,"column":65}},"12":{"start":{"line":22,"column":53},"end":{"line":26,"column":14}},"13":{"start":{"line":28,"column":12},"end":{"line":28,"column":43}},"14":{"start":{"line":30,"column":12},"end":{"line":30,"column":24}},"15":{"start":{"line":35,"column":0},"end":{"line":56,"column":2}},"16":{"start":{"line":39,"column":8},"end":{"line":54,"column":9}},"17":{"start":{"line":40,"column":25},"end":{"line":40,"column":33}},"18":{"start":{"line":41,"column":30},"end":{"line":41,"column":86}},"19":{"start":{"line":43,"column":12},"end":{"line":43,"column":94}},"20":{"start":{"line":45,"column":55},"end":{"line":49,"column":14}},"21":{"start":{"line":51,"column":12},"end":{"line":51,"column":43}},"22":{"start":{"line":53,"column":12},"end":{"line":53,"column":24}},"23":{"start":{"line":58,"column":0},"end":{"line":91,"column":2}},"24":{"start":{"line":60,"column":8},"end":{"line":89,"column":9}},"25":{"start":{"line":62,"column":33},"end":{"line":62,"column":58}},"26":{"start":{"line":64,"column":12},"end":{"line":69,"column":13}},"27":{"start":{"line":65,"column":16},"end":{"line":68,"column":19}},"28":{"start":{"line":72,"column":53},"end":{"line":72,"column":103}},"29":{"start":{"line":75,"column":12},"end":{"line":75,"column":86}},"30":{"start":{"line":77,"column":88},"end":{"line":84,"column":14}},"31":{"start":{"line":86,"column":12},"end":{"line":86,"column":43}},"32":{"start":{"line":88,"column":12},"end":{"line":88,"column":24}},"33":{"start":{"line":94,"column":0},"end":{"line":113,"column":2}},"34":{"start":{"line":97,"column":8},"end":{"line":111,"column":9}},"35":{"start":{"line":98,"column":25},"end":{"line":100,"column":null}},"36":{"start":{"line":102,"column":50},"end":{"line":106,"column":null}},"37":{"start":{"line":108,"column":12},"end":{"line":108,"column":null}},"38":{"start":{"line":110,"column":12},"end":{"line":110,"column":24}},"39":{"start":{"line":115,"column":0},"end":{"line":115,"column":22}}},"fnMap":{"0":{"name":"(anonymous_0)","decl":{"start":{"line":17,"column":4},"end":{"line":17,"column":9}},"loc":{"start":{"line":17,"column":62},"end":{"line":32,"column":5}}},"1":{"name":"(anonymous_1)","decl":{"start":{"line":38,"column":4},"end":{"line":38,"column":9}},"loc":{"start":{"line":38,"column":62},"end":{"line":55,"column":5}}},"2":{"name":"(anonymous_2)","decl":{"start":{"line":59,"column":4},"end":{"line":59,"column":9}},"loc":{"start":{"line":59,"column":62},"end":{"line":90,"column":5}}},"3":{"name":"(anonymous_3)","decl":{"start":{"line":96,"column":4},"end":{"line":96,"column":9}},"loc":{"start":{"line":96,"column":62},"end":{"line":112,"column":5}}}},"branchMap":{"0":{"loc":{"start":{"line":64,"column":12},"end":{"line":69,"column":13}},"type":"if","locations":[{"start":{"line":64,"column":12},"end":{"line":69,"column":13}},{"start":{},"end":{}}]}},"s":{"0":1,"1":1,"2":1,"3":1,"4":1,"5":1,"6":1,"7":1,"8":1,"9":0,"10":0,"11":0,"12":0,"13":0,"14":0,"15":1,"16":0,"17":0,"18":0,"19":0,"20":0,"21":0,"22":0,"23":1,"24":0,"25":0,"26":0,"27":0,"28":0,"29":0,"30":0,"31":0,"32":0,"33":1,"34":0,"35":0,"36":0,"37":0,"38":0,"39":1},"f":{"0":0,"1":0,"2":0,"3":0},"b":{"0":[0,0]}}
,"E:\\proyectos\\nodejs\\finanzly_backend\\src\\auth\\auth.repository.ts": {"path":"E:\\proyectos\\nodejs\\finanzly_backend\\src\\auth\\auth.repository.ts","statementMap":{"0":{"start":{"line":1,"column":0},"end":{"line":1,"column":77}},"1":{"start":{"line":3,"column":15},"end":{"line":3,"column":33}},"2":{"start":{"line":7,"column":8},"end":{"line":9,"column":11}},"3":{"start":{"line":13,"column":8},"end":{"line":15,"column":11}},"4":{"start":{"line":19,"column":8},"end":{"line":21,"column":11}},"5":{"start":{"line":29,"column":8},"end":{"line":35,"column":11}},"6":{"start":{"line":39,"column":8},"end":{"line":46,"column":11}},"7":{"start":{"line":50,"column":8},"end":{"line":53,"column":11}},"8":{"start":{"line":5,"column":0},"end":{"line":5,"column":13}}},"fnMap":{"0":{"name":"(anonymous_0)","decl":{"start":{"line":6,"column":4},"end":{"line":6,"column":9}},"loc":{"start":{"line":6,"column":34},"end":{"line":10,"column":5}}},"1":{"name":"(anonymous_1)","decl":{"start":{"line":12,"column":4},"end":{"line":12,"column":9}},"loc":{"start":{"line":12,"column":28},"end":{"line":16,"column":5}}},"2":{"name":"(anonymous_2)","decl":{"start":{"line":18,"column":4},"end":{"line":18,"column":9}},"loc":{"start":{"line":18,"column":48},"end":{"line":22,"column":5}}},"3":{"name":"(anonymous_3)","decl":{"start":{"line":24,"column":4},"end":{"line":24,"column":9}},"loc":{"start":{"line":27,"column":29},"end":{"line":36,"column":5}}},"4":{"name":"(anonymous_4)","decl":{"start":{"line":38,"column":4},"end":{"line":38,"column":9}},"loc":{"start":{"line":38,"column":40},"end":{"line":47,"column":5}}},"5":{"name":"(anonymous_5)","decl":{"start":{"line":49,"column":4},"end":{"line":49,"column":9}},"loc":{"start":{"line":49,"column":42},"end":{"line":54,"column":5}}}},"branchMap":{},"s":{"0":1,"1":1,"2":0,"3":0,"4":0,"5":0,"6":0,"7":0,"8":1},"f":{"0":0,"1":0,"2":0,"3":0,"4":0,"5":0},"b":{}}
,"E:\\proyectos\\nodejs\\finanzly_backend\\src\\auth\\auth.service.ts": {"path":"E:\\proyectos\\nodejs\\finanzly_backend\\src\\auth\\auth.service.ts","statementMap":{"0":{"start":{"line":2,"column":0},"end":{"line":2,"column":51}},"1":{"start":{"line":5,"column":0},"end":{"line":5,"column":98}},"2":{"start":{"line":6,"column":0},"end":{"line":6,"column":63}},"3":{"start":{"line":7,"column":0},"end":{"line":7,"column":130}},"4":{"start":{"line":10,"column":29},"end":{"line":10,"column":49}},"5":{"start":{"line":13,"column":29},"end":{"line":13,"column":78}},"6":{"start":{"line":14,"column":8},"end":{"line":16,"column":9}},"7":{"start":{"line":15,"column":12},"end":{"line":15,"column":78}},"8":{"start":{"line":19,"column":8},"end":{"line":19,"column":59}},"9":{"start":{"line":21,"column":24},"end":{"line":21,"column":62}},"10":{"start":{"line":23,"column":8},"end":{"line":23,"column":33}},"11":{"start":{"line":27,"column":24},"end":{"line":27,"column":68}},"12":{"start":{"line":29,"column":8},"end":{"line":31,"column":9}},"13":{"start":{"line":30,"column":12},"end":{"line":30,"column":74}},"14":{"start":{"line":34,"column":32},"end":{"line":34,"column":74}},"15":{"start":{"line":35,"column":8},"end":{"line":37,"column":9}},"16":{"start":{"line":36,"column":12},"end":{"line":36,"column":74}},"17":{"start":{"line":39,"column":27},"end":{"line":39,"column":44}},"18":{"start":{"line":41,"column":28},"end":{"line":41,"column":57}},"19":{"start":{"line":43,"column":29},"end":{"line":43,"column":49}},"20":{"start":{"line":44,"column":39},"end":{"line":44,"column":66}},"21":{"start":{"line":46,"column":8},"end":{"line":50,"column":10}},"22":{"start":{"line":52,"column":21},"end":{"line":57,"column":10}},"23":{"start":{"line":59,"column":8},"end":{"line":59,"column":35}},"24":{"start":{"line":64,"column":28},"end":{"line":64,"column":84}},"25":{"start":{"line":66,"column":8},"end":{"line":68,"column":9}},"26":{"start":{"line":67,"column":12},"end":{"line":67,"column":67}},"27":{"start":{"line":71,"column":8},"end":{"line":73,"column":9}},"28":{"start":{"line":72,"column":12},"end":{"line":72,"column":67}},"29":{"start":{"line":76,"column":8},"end":{"line":80,"column":9}},"30":{"start":{"line":78,"column":12},"end":{"line":78,"column":71}},"31":{"start":{"line":79,"column":12},"end":{"line":79,"column":67}},"32":{"start":{"line":83,"column":8},"end":{"line":83,"column":67}},"33":{"start":{"line":86,"column":24},"end":{"line":86,"column":80}},"34":{"start":{"line":88,"column":8},"end":{"line":90,"column":9}},"35":{"start":{"line":89,"column":12},"end":{"line":89,"column":64}},"36":{"start":{"line":92,"column":27},"end":{"line":92,"column":44}},"37":{"start":{"line":95,"column":31},"end":{"line":95,"column":60}},"38":{"start":{"line":98,"column":32},"end":{"line":98,"column":52}},"39":{"start":{"line":99,"column":42},"end":{"line":99,"column":69}},"40":{"start":{"line":102,"column":8},"end":{"line":106,"column":10}},"41":{"start":{"line":108,"column":8},"end":{"line":111,"column":10}},"42":{"start":{"line":9,"column":0},"end":{"line":9,"column":13}}},"fnMap":{"0":{"name":"(anonymous_0)","decl":{"start":{"line":12,"column":4},"end":{"line":12,"column":9}},"loc":{"start":{"line":12,"column":52},"end":{"line":24,"column":5}}},"1":{"name":"(anonymous_1)","decl":{"start":{"line":26,"column":4},"end":{"line":26,"column":9}},"loc":{"start":{"line":26,"column":50},"end":{"line":60,"column":5}}},"2":{"name":"(anonymous_2)","decl":{"start":{"line":62,"column":4},"end":{"line":62,"column":9}},"loc":{"start":{"line":62,"column":49},"end":{"line":112,"column":5}}}},"branchMap":{"0":{"loc":{"start":{"line":14,"column":8},"end":{"line":16,"column":9}},"type":"if","locations":[{"start":{"line":14,"column":8},"end":{"line":16,"column":9}},{"start":{},"end":{}}]},"1":{"loc":{"start":{"line":29,"column":8},"end":{"line":31,"column":9}},"type":"if","locations":[{"start":{"line":29,"column":8},"end":{"line":31,"column":9}},{"start":{},"end":{}}]},"2":{"loc":{"start":{"line":35,"column":8},"end":{"line":37,"column":9}},"type":"if","locations":[{"start":{"line":35,"column":8},"end":{"line":37,"column":9}},{"start":{},"end":{}}]},"3":{"loc":{"start":{"line":66,"column":8},"end":{"line":68,"column":9}},"type":"if","locations":[{"start":{"line":66,"column":8},"end":{"line":68,"column":9}},{"start":{},"end":{}}]},"4":{"loc":{"start":{"line":71,"column":8},"end":{"line":73,"column":9}},"type":"if","locations":[{"start":{"line":71,"column":8},"end":{"line":73,"column":9}},{"start":{},"end":{}}]},"5":{"loc":{"start":{"line":76,"column":8},"end":{"line":80,"column":9}},"type":"if","locations":[{"start":{"line":76,"column":8},"end":{"line":80,"column":9}},{"start":{},"end":{}}]},"6":{"loc":{"start":{"line":88,"column":8},"end":{"line":90,"column":9}},"type":"if","locations":[{"start":{"line":88,"column":8},"end":{"line":90,"column":9}},{"start":{},"end":{}}]}},"s":{"0":1,"1":1,"2":1,"3":1,"4":1,"5":0,"6":0,"7":0,"8":0,"9":0,"10":0,"11":0,"12":0,"13":0,"14":0,"15":0,"16":0,"17":0,"18":0,"19":0,"20":0,"21":0,"22":0,"23":0,"24":0,"25":0,"26":0,"27":0,"28":0,"29":0,"30":0,"31":0,"32":0,"33":0,"34":0,"35":0,"36":0,"37":0,"38":0,"39":0,"40":0,"41":0,"42":1},"f":{"0":0,"1":0,"2":0},"b":{"0":[0,0],"1":[0,0],"2":[0,0],"3":[0,0],"4":[0,0],"5":[0,0],"6":[0,0]}}
,"E:\\proyectos\\nodejs\\finanzly_backend\\src\\auth\\mapper\\auth.mapper.ts": {"path":"E:\\proyectos\\nodejs\\finanzly_backend\\src\\auth\\mapper\\auth.mapper.ts","statementMap":{"0":{"start":{"line":12,"column":0},"end":{"line":12,"column":16}},"1":{"start":{"line":21,"column":0},"end":{"line":21,"column":16}},"2":{"start":{"line":13,"column":4},"end":{"line":18,"column":6}},"3":{"start":{"line":22,"column":4},"end":{"line":26,"column":null}}},"fnMap":{"0":{"name":"toAuthLoginRs","decl":{"start":{"line":12,"column":16},"end":{"line":12,"column":29}},"loc":{"start":{"line":12,"column":50},"end":{"line":19,"column":1}}},"1":{"name":"toUserRs","decl":{"start":{"line":21,"column":16},"end":{"line":21,"column":24}},"loc":{"start":{"line":21,"column":41},"end":{"line":27,"column":1}}}},"branchMap":{},"s":{"0":1,"1":1,"2":0,"3":0},"f":{"0":0,"1":0},"b":{}}
,"E:\\proyectos\\nodejs\\finanzly_backend\\src\\auth\\request\\auth-login-rq.ts": {"path":"E:\\proyectos\\nodejs\\finanzly_backend\\src\\auth\\request\\auth-login-rq.ts","statementMap":{"0":{"start":{"line":1,"column":0},"end":{"line":1,"column":41}},"1":{"start":{"line":3,"column":27},"end":{"line":11,"column":null}},"2":{"start":{"line":3,"column":33},"end":{"line":11,"column":null}},"3":{"start":{"line":3,"column":13},"end":{"line":3,"column":27}}},"fnMap":{"0":{"name":"(anonymous_0)","decl":{"start":{"line":3,"column":27},"end":{"line":3,"column":30}},"loc":{"start":{"line":3,"column":33},"end":{"line":11,"column":null}}}},"branchMap":{},"s":{"0":1,"1":1,"2":1,"3":1},"f":{"0":1},"b":{}}
,"E:\\proyectos\\nodejs\\finanzly_backend\\src\\auth\\request\\auth-register-rq.ts": {"path":"E:\\proyectos\\nodejs\\finanzly_backend\\src\\auth\\request\\auth-register-rq.ts","statementMap":{"0":{"start":{"line":1,"column":0},"end":{"line":1,"column":41}},"1":{"start":{"line":3,"column":30},"end":{"line":19,"column":null}},"2":{"start":{"line":3,"column":36},"end":{"line":19,"column":null}},"3":{"start":{"line":3,"column":13},"end":{"line":3,"column":30}}},"fnMap":{"0":{"name":"(anonymous_0)","decl":{"start":{"line":3,"column":30},"end":{"line":3,"column":33}},"loc":{"start":{"line":3,"column":36},"end":{"line":19,"column":null}}}},"branchMap":{},"s":{"0":1,"1":1,"2":1,"3":1},"f":{"0":1},"b":{}}
,"E:\\proyectos\\nodejs\\finanzly_backend\\src\\categoria\\categoria.controller.ts": {"path":"E:\\proyectos\\nodejs\\finanzly_backend\\src\\categoria\\categoria.controller.ts","statementMap":{"0":{"start":{"line":1,"column":0},"end":{"line":1,"column":66}},"1":{"start":{"line":2,"column":0},"end":{"line":2,"column":55}},"2":{"start":{"line":4,"column":0},"end":{"line":4,"column":66}},"3":{"start":{"line":5,"column":0},"end":{"line":5,"column":66}},"4":{"start":{"line":6,"column":0},"end":{"line":6,"column":60}},"5":{"start":{"line":10,"column":0},"end":{"line":10,"column":44}},"6":{"start":{"line":12,"column":15},"end":{"line":12,"column":23}},"7":{"start":{"line":13,"column":25},"end":{"line":13,"column":47}},"8":{"start":{"line":16,"column":0},"end":{"line":36,"column":2}},"9":{"start":{"line":21,"column":8},"end":{"line":34,"column":9}},"10":{"start":{"line":22,"column":25},"end":{"line":22,"column":33}},"11":{"start":{"line":23,"column":33},"end":{"line":23,"column":77}},"12":{"start":{"line":25,"column":61},"end":{"line":29,"column":14}},"13":{"start":{"line":31,"column":12},"end":{"line":31,"column":43}},"14":{"start":{"line":33,"column":12},"end":{"line":33,"column":24}},"15":{"start":{"line":39,"column":0},"end":{"line":53,"column":3}},"16":{"start":{"line":40,"column":4},"end":{"line":52,"column":5}},"17":{"start":{"line":41,"column":27},"end":{"line":41,"column":68}},"18":{"start":{"line":43,"column":57},"end":{"line":47,"column":10}},"19":{"start":{"line":49,"column":8},"end":{"line":49,"column":27}},"20":{"start":{"line":51,"column":8},"end":{"line":51,"column":20}},"21":{"start":{"line":56,"column":0},"end":{"line":71,"column":3}},"22":{"start":{"line":57,"column":4},"end":{"line":70,"column":5}},"23":{"start":{"line":58,"column":19},"end":{"line":58,"column":40}},"24":{"start":{"line":59,"column":26},"end":{"line":59,"column":69}},"25":{"start":{"line":61,"column":57},"end":{"line":65,"column":10}},"26":{"start":{"line":67,"column":8},"end":{"line":67,"column":27}},"27":{"start":{"line":69,"column":8},"end":{"line":69,"column":20}},"28":{"start":{"line":74,"column":0},"end":{"line":89,"column":3}},"29":{"start":{"line":75,"column":4},"end":{"line":88,"column":5}},"30":{"start":{"line":76,"column":21},"end":{"line":76,"column":36}},"31":{"start":{"line":77,"column":27},"end":{"line":77,"column":75}},"32":{"start":{"line":79,"column":57},"end":{"line":83,"column":10}},"33":{"start":{"line":85,"column":8},"end":{"line":85,"column":27}},"34":{"start":{"line":87,"column":8},"end":{"line":87,"column":20}},"35":{"start":{"line":92,"column":0},"end":{"line":107,"column":3}},"36":{"start":{"line":93,"column":4},"end":{"line":106,"column":5}},"37":{"start":{"line":94,"column":28},"end":{"line":94,"column":49}},"38":{"start":{"line":95,"column":26},"end":{"line":95,"column":85}},"39":{"start":{"line":97,"column":56},"end":{"line":101,"column":10}},"40":{"start":{"line":103,"column":8},"end":{"line":103,"column":27}},"41":{"start":{"line":105,"column":8},"end":{"line":105,"column":20}},"42":{"start":{"line":110,"column":0},"end":{"line":125,"column":3}},"43":{"start":{"line":111,"column":4},"end":{"line":124,"column":5}},"44":{"start":{"line":112,"column":19},"end":{"line":112,"column":40}},"45":{"start":{"line":113,"column":22},"end":{"line":113,"column":66}},"46":{"start":{"line":115,"column":52},"end":{"line":119,"column":10}},"47":{"start":{"line":121,"column":8},"end":{"line":121,"column":27}},"48":{"start":{"line":123,"column":8},"end":{"line":123,"column":20}},"49":{"start":{"line":128,"column":0},"end":{"line":150,"column":2}},"50":{"start":{"line":133,"column":8},"end":{"line":148,"column":9}},"51":{"start":{"line":134,"column":23},"end":{"line":134,"column":44}},"52":{"start":{"line":135,"column":25},"end":{"line":135,"column":33}},"53":{"start":{"line":137,"column":37},"end":{"line":137,"column":85}},"54":{"start":{"line":139,"column":61},"end":{"line":143,"column":14}},"55":{"start":{"line":145,"column":12},"end":{"line":145,"column":43}},"56":{"start":{"line":147,"column":12},"end":{"line":147,"column":24}},"57":{"start":{"line":153,"column":0},"end":{"line":169,"column":3}},"58":{"start":{"line":154,"column":4},"end":{"line":168,"column":5}},"59":{"start":{"line":155,"column":19},"end":{"line":155,"column":40}},"60":{"start":{"line":157,"column":8},"end":{"line":157,"column":51}},"61":{"start":{"line":159,"column":44},"end":{"line":163,"column":10}},"62":{"start":{"line":165,"column":8},"end":{"line":165,"column":39}},"63":{"start":{"line":167,"column":8},"end":{"line":167,"column":20}},"64":{"start":{"line":171,"column":0},"end":{"line":171,"column":22}}},"fnMap":{"0":{"name":"(anonymous_0)","decl":{"start":{"line":20,"column":4},"end":{"line":20,"column":9}},"loc":{"start":{"line":20,"column":62},"end":{"line":35,"column":5}}},"1":{"name":"(anonymous_1)","decl":{"start":{"line":39,"column":28},"end":{"line":39,"column":33}},"loc":{"start":{"line":39,"column":87},"end":{"line":53,"column":1}}},"2":{"name":"(anonymous_2)","decl":{"start":{"line":56,"column":31},"end":{"line":56,"column":36}},"loc":{"start":{"line":56,"column":89},"end":{"line":71,"column":1}}},"3":{"name":"(anonymous_3)","decl":{"start":{"line":74,"column":38},"end":{"line":74,"column":43}},"loc":{"start":{"line":74,"column":96},"end":{"line":89,"column":1}}},"4":{"name":"(anonymous_4)","decl":{"start":{"line":92,"column":41},"end":{"line":92,"column":46}},"loc":{"start":{"line":92,"column":99},"end":{"line":107,"column":1}}},"5":{"name":"(anonymous_5)","decl":{"start":{"line":110,"column":37},"end":{"line":110,"column":42}},"loc":{"start":{"line":110,"column":95},"end":{"line":125,"column":1}}},"6":{"name":"(anonymous_6)","decl":{"start":{"line":132,"column":4},"end":{"line":132,"column":9}},"loc":{"start":{"line":132,"column":62},"end":{"line":149,"column":5}}},"7":{"name":"(anonymous_7)","decl":{"start":{"line":153,"column":34},"end":{"line":153,"column":39}},"loc":{"start":{"line":153,"column":92},"end":{"line":169,"column":1}}}},"branchMap":{},"s":{"0":1,"1":1,"2":1,"3":1,"4":1,"5":1,"6":1,"7":1,"8":1,"9":0,"10":0,"11":0,"12":0,"13":0,"14":0,"15":1,"16":0,"17":0,"18":0,"19":0,"20":0,"21":1,"22":0,"23":0,"24":0,"25":0,"26":0,"27":0,"28":1,"29":0,"30":0,"31":0,"32":0,"33":0,"34":0,"35":1,"36":0,"37":0,"38":0,"39":0,"40":0,"41":0,"42":1,"43":0,"44":0,"45":0,"46":0,"47":0,"48":0,"49":1,"50":0,"51":0,"52":0,"53":0,"54":0,"55":0,"56":0,"57":1,"58":0,"59":0,"60":0,"61":0,"62":0,"63":0,"64":1},"f":{"0":0,"1":0,"2":0,"3":0,"4":0,"5":0,"6":0,"7":0},"b":{}}
,"E:\\proyectos\\nodejs\\finanzly_backend\\src\\categoria\\categoria.repository.ts": {"path":"E:\\proyectos\\nodejs\\finanzly_backend\\src\\categoria\\categoria.repository.ts","statementMap":{"0":{"start":{"line":1,"column":0},"end":{"line":1,"column":65}},"1":{"start":{"line":3,"column":15},"end":{"line":3,"column":33}},"2":{"start":{"line":7,"column":8},"end":{"line":11,"column":11}},"3":{"start":{"line":15,"column":8},"end":{"line":20,"column":11}},"4":{"start":{"line":24,"column":8},"end":{"line":30,"column":11}},"5":{"start":{"line":34,"column":8},"end":{"line":41,"column":11}},"6":{"start":{"line":45,"column":8},"end":{"line":53,"column":11}},"7":{"start":{"line":57,"column":8},"end":{"line":68,"column":11}},"8":{"start":{"line":72,"column":8},"end":{"line":77,"column":11}},"9":{"start":{"line":81,"column":8},"end":{"line":87,"column":11}},"10":{"start":{"line":91,"column":8},"end":{"line":93,"column":11}},"11":{"start":{"line":97,"column":22},"end":{"line":99,"column":10}},"12":{"start":{"line":100,"column":8},"end":{"line":100,"column":25}},"13":{"start":{"line":104,"column":8},"end":{"line":111,"column":11}},"14":{"start":{"line":115,"column":22},"end":{"line":123,"column":10}},"15":{"start":{"line":125,"column":8},"end":{"line":128,"column":10}},"16":{"start":{"line":5,"column":0},"end":{"line":5,"column":13}}},"fnMap":{"0":{"name":"(anonymous_0)","decl":{"start":{"line":6,"column":4},"end":{"line":6,"column":9}},"loc":{"start":{"line":6,"column":16},"end":{"line":12,"column":5}}},"1":{"name":"(anonymous_1)","decl":{"start":{"line":14,"column":4},"end":{"line":14,"column":9}},"loc":{"start":{"line":14,"column":28},"end":{"line":21,"column":5}}},"2":{"name":"(anonymous_2)","decl":{"start":{"line":23,"column":4},"end":{"line":23,"column":9}},"loc":{"start":{"line":23,"column":32},"end":{"line":31,"column":5}}},"3":{"name":"(anonymous_3)","decl":{"start":{"line":33,"column":4},"end":{"line":33,"column":9}},"loc":{"start":{"line":33,"column":36},"end":{"line":42,"column":5}}},"4":{"name":"(anonymous_4)","decl":{"start":{"line":44,"column":4},"end":{"line":44,"column":9}},"loc":{"start":{"line":44,"column":57},"end":{"line":54,"column":5}}},"5":{"name":"(anonymous_5)","decl":{"start":{"line":56,"column":4},"end":{"line":56,"column":9}},"loc":{"start":{"line":56,"column":87},"end":{"line":69,"column":5}}},"6":{"name":"(anonymous_6)","decl":{"start":{"line":71,"column":4},"end":{"line":71,"column":9}},"loc":{"start":{"line":71,"column":50},"end":{"line":78,"column":5}}},"7":{"name":"(anonymous_7)","decl":{"start":{"line":80,"column":4},"end":{"line":80,"column":9}},"loc":{"start":{"line":80,"column":62},"end":{"line":88,"column":5}}},"8":{"name":"(anonymous_8)","decl":{"start":{"line":90,"column":4},"end":{"line":90,"column":9}},"loc":{"start":{"line":90,"column":27},"end":{"line":94,"column":5}}},"9":{"name":"(anonymous_9)","decl":{"start":{"line":96,"column":4},"end":{"line":96,"column":9}},"loc":{"start":{"line":96,"column":42},"end":{"line":101,"column":5}}},"10":{"name":"(anonymous_10)","decl":{"start":{"line":103,"column":4},"end":{"line":103,"column":9}},"loc":{"start":{"line":103,"column":55},"end":{"line":112,"column":5}}},"11":{"name":"(anonymous_11)","decl":{"start":{"line":114,"column":4},"end":{"line":114,"column":9}},"loc":{"start":{"line":114,"column":47},"end":{"line":129,"column":5}}}},"branchMap":{"0":{"loc":{"start":{"line":127,"column":24},"end":{"line":127,"column":86}},"type":"cond-expr","locations":[{"start":{"line":127,"column":43},"end":{"line":127,"column":82}},{"start":{"line":127,"column":85},"end":{"line":127,"column":86}}]}},"s":{"0":1,"1":1,"2":0,"3":0,"4":0,"5":0,"6":0,"7":0,"8":0,"9":0,"10":0,"11":0,"12":0,"13":0,"14":0,"15":0,"16":1},"f":{"0":0,"1":0,"2":0,"3":0,"4":0,"5":0,"6":0,"7":0,"8":0,"9":0,"10":0,"11":0},"b":{"0":[0,0]}}
,"E:\\proyectos\\nodejs\\finanzly_backend\\src\\categoria\\categoria.service.ts": {"path":"E:\\proyectos\\nodejs\\finanzly_backend\\src\\categoria\\categoria.service.ts","statementMap":{"0":{"start":{"line":2,"column":0},"end":{"line":2,"column":61}},"1":{"start":{"line":5,"column":0},"end":{"line":5,"column":102}},"2":{"start":{"line":6,"column":0},"end":{"line":6,"column":88}},"3":{"start":{"line":7,"column":0},"end":{"line":7,"column":75}},"4":{"start":{"line":21,"column":34},"end":{"line":21,"column":59}},"5":{"start":{"line":25,"column":34},"end":{"line":25,"column":107}},"6":{"start":{"line":26,"column":8},"end":{"line":28,"column":9}},"7":{"start":{"line":27,"column":12},"end":{"line":27,"column":113}},"8":{"start":{"line":30,"column":59},"end":{"line":33,"column":10}},"9":{"start":{"line":35,"column":26},"end":{"line":35,"column":78}},"10":{"start":{"line":36,"column":8},"end":{"line":36,"column":53}},"11":{"start":{"line":40,"column":27},"end":{"line":40,"column":66}},"12":{"start":{"line":41,"column":8},"end":{"line":41,"column":57}},"13":{"start":{"line":45,"column":26},"end":{"line":45,"column":68}},"14":{"start":{"line":46,"column":8},"end":{"line":48,"column":9}},"15":{"start":{"line":47,"column":12},"end":{"line":47,"column":72}},"16":{"start":{"line":49,"column":8},"end":{"line":49,"column":53}},"17":{"start":{"line":54,"column":29},"end":{"line":54,"column":76}},"18":{"start":{"line":55,"column":8},"end":{"line":57,"column":9}},"19":{"start":{"line":56,"column":12},"end":{"line":56,"column":99}},"20":{"start":{"line":59,"column":27},"end":{"line":59,"column":73}},"21":{"start":{"line":60,"column":8},"end":{"line":60,"column":57}},"22":{"start":{"line":65,"column":26},"end":{"line":65,"column":77}},"23":{"start":{"line":66,"column":8},"end":{"line":68,"column":9}},"24":{"start":{"line":67,"column":12},"end":{"line":67,"column":72}},"25":{"start":{"line":70,"column":26},"end":{"line":70,"column":95}},"26":{"start":{"line":71,"column":8},"end":{"line":71,"column":55}},"27":{"start":{"line":76,"column":34},"end":{"line":76,"column":76}},"28":{"start":{"line":77,"column":8},"end":{"line":79,"column":9}},"29":{"start":{"line":78,"column":12},"end":{"line":78,"column":72}},"30":{"start":{"line":82,"column":8},"end":{"line":95,"column":9}},"31":{"start":{"line":83,"column":34},"end":{"line":83,"column":93}},"32":{"start":{"line":84,"column":32},"end":{"line":84,"column":67}},"33":{"start":{"line":86,"column":39},"end":{"line":89,"column":null}},"34":{"start":{"line":92,"column":12},"end":{"line":94,"column":13}},"35":{"start":{"line":93,"column":16},"end":{"line":93,"column":121}},"36":{"start":{"line":97,"column":56},"end":{"line":97,"column":58}},"37":{"start":{"line":99,"column":8},"end":{"line":99,"column":64}},"38":{"start":{"line":99,"column":25},"end":{"line":99,"column":64}},"39":{"start":{"line":100,"column":8},"end":{"line":100,"column":51}},"40":{"start":{"line":100,"column":23},"end":{"line":100,"column":51}},"41":{"start":{"line":102,"column":33},"end":{"line":102,"column":86}},"42":{"start":{"line":103,"column":8},"end":{"line":103,"column":60}},"43":{"start":{"line":108,"column":34},"end":{"line":108,"column":76}},"44":{"start":{"line":109,"column":8},"end":{"line":111,"column":9}},"45":{"start":{"line":110,"column":12},"end":{"line":110,"column":72}},"46":{"start":{"line":114,"column":29},"end":{"line":114,"column":76}},"47":{"start":{"line":115,"column":8},"end":{"line":117,"column":9}},"48":{"start":{"line":116,"column":12},"end":{"line":116,"column":109}},"49":{"start":{"line":119,"column":8},"end":{"line":119,"column":50}},"50":{"start":{"line":124,"column":26},"end":{"line":124,"column":68}},"51":{"start":{"line":125,"column":8},"end":{"line":127,"column":9}},"52":{"start":{"line":126,"column":12},"end":{"line":126,"column":72}},"53":{"start":{"line":129,"column":22},"end":{"line":129,"column":74}},"54":{"start":{"line":131,"column":8},"end":{"line":137,"column":10}},"55":{"start":{"line":20,"column":0},"end":{"line":20,"column":13}}},"fnMap":{"0":{"name":"(anonymous_0)","decl":{"start":{"line":23,"column":4},"end":{"line":23,"column":9}},"loc":{"start":{"line":23,"column":52},"end":{"line":37,"column":5}}},"1":{"name":"(anonymous_1)","decl":{"start":{"line":39,"column":4},"end":{"line":39,"column":9}},"loc":{"start":{"line":39,"column":26},"end":{"line":42,"column":5}}},"2":{"name":"(anonymous_2)","decl":{"start":{"line":44,"column":4},"end":{"line":44,"column":9}},"loc":{"start":{"line":44,"column":37},"end":{"line":50,"column":5}}},"3":{"name":"(anonymous_3)","decl":{"start":{"line":52,"column":4},"end":{"line":52,"column":9}},"loc":{"start":{"line":52,"column":42},"end":{"line":61,"column":5}}},"4":{"name":"(anonymous_4)","decl":{"start":{"line":63,"column":4},"end":{"line":63,"column":9}},"loc":{"start":{"line":63,"column":53},"end":{"line":72,"column":5}}},"5":{"name":"(anonymous_5)","decl":{"start":{"line":74,"column":4},"end":{"line":74,"column":9}},"loc":{"start":{"line":74,"column":64},"end":{"line":104,"column":5}}},"6":{"name":"(anonymous_6)","decl":{"start":{"line":106,"column":4},"end":{"line":106,"column":9}},"loc":{"start":{"line":106,"column":36},"end":{"line":120,"column":5}}},"7":{"name":"(anonymous_7)","decl":{"start":{"line":122,"column":4},"end":{"line":122,"column":9}},"loc":{"start":{"line":122,"column":38},"end":{"line":138,"column":5}}}},"branchMap":{"0":{"loc":{"start":{"line":26,"column":8},"end":{"line":28,"column":9}},"type":"if","locations":[{"start":{"line":26,"column":8},"end":{"line":28,"column":9}},{"start":{},"end":{}}]},"1":{"loc":{"start":{"line":46,"column":8},"end":{"line":48,"column":9}},"type":"if","locations":[{"start":{"line":46,"column":8},"end":{"line":48,"column":9}},{"start":{},"end":{}}]},"2":{"loc":{"start":{"line":55,"column":8},"end":{"line":57,"column":9}},"type":"if","locations":[{"start":{"line":55,"column":8},"end":{"line":57,"column":9}},{"start":{},"end":{}}]},"3":{"loc":{"start":{"line":66,"column":8},"end":{"line":68,"column":9}},"type":"if","locations":[{"start":{"line":66,"column":8},"end":{"line":68,"column":9}},{"start":{},"end":{}}]},"4":{"loc":{"start":{"line":77,"column":8},"end":{"line":79,"column":9}},"type":"if","locations":[{"start":{"line":77,"column":8},"end":{"line":79,"column":9}},{"start":{},"end":{}}]},"5":{"loc":{"start":{"line":82,"column":8},"end":{"line":95,"column":9}},"type":"if","locations":[{"start":{"line":82,"column":8},"end":{"line":95,"column":9}},{"start":{},"end":{}}]},"6":{"loc":{"start":{"line":82,"column":12},"end":{"line":82,"column":36}},"type":"binary-expr","locations":[{"start":{"line":82,"column":12},"end":{"line":82,"column":23}},{"start":{"line":82,"column":27},"end":{"line":82,"column":36}}]},"7":{"loc":{"start":{"line":83,"column":34},"end":{"line":83,"column":93}},"type":"cond-expr","locations":[{"start":{"line":83,"column":48},"end":{"line":83,"column":66}},{"start":{"line":83,"column":69},"end":{"line":83,"column":93}}]},"8":{"loc":{"start":{"line":84,"column":32},"end":{"line":84,"column":67}},"type":"binary-expr","locations":[{"start":{"line":84,"column":32},"end":{"line":84,"column":41}},{"start":{"line":84,"column":45},"end":{"line":84,"column":67}}]},"9":{"loc":{"start":{"line":92,"column":12},"end":{"line":94,"column":13}},"type":"if","locations":[{"start":{"line":92,"column":12},"end":{"line":94,"column":13}},{"start":{},"end":{}}]},"10":{"loc":{"start":{"line":99,"column":8},"end":{"line":99,"column":64}},"type":"if","locations":[{"start":{"line":99,"column":8},"end":{"line":99,"column":64}},{"start":{},"end":{}}]},"11":{"loc":{"start":{"line":100,"column":8},"end":{"line":100,"column":51}},"type":"if","locations":[{"start":{"line":100,"column":8},"end":{"line":100,"column":51}},{"start":{},"end":{}}]},"12":{"loc":{"start":{"line":109,"column":8},"end":{"line":111,"column":9}},"type":"if","locations":[{"start":{"line":109,"column":8},"end":{"line":111,"column":9}},{"start":{},"end":{}}]},"13":{"loc":{"start":{"line":115,"column":8},"end":{"line":117,"column":9}},"type":"if","locations":[{"start":{"line":115,"column":8},"end":{"line":117,"column":9}},{"start":{},"end":{}}]},"14":{"loc":{"start":{"line":125,"column":8},"end":{"line":127,"column":9}},"type":"if","locations":[{"start":{"line":125,"column":8},"end":{"line":127,"column":9}},{"start":{},"end":{}}]}},"s":{"0":1,"1":1,"2":1,"3":1,"4":1,"5":0,"6":0,"7":0,"8":0,"9":0,"10":0,"11":0,"12":0,"13":0,"14":0,"15":0,"16":0,"17":0,"18":0,"19":0,"20":0,"21":0,"22":0,"23":0,"24":0,"25":0,"26":0,"27":0,"28":0,"29":0,"30":0,"31":0,"32":0,"33":0,"34":0,"35":0,"36":0,"37":0,"38":0,"39":0,"40":0,"41":0,"42":0,"43":0,"44":0,"45":0,"46":0,"47":0,"48":0,"49":0,"50":0,"51":0,"52":0,"53":0,"54":0,"55":1},"f":{"0":0,"1":0,"2":0,"3":0,"4":0,"5":0,"6":0,"7":0},"b":{"0":[0,0],"1":[0,0],"2":[0,0],"3":[0,0],"4":[0,0],"5":[0,0],"6":[0,0],"7":[0,0],"8":[0,0],"9":[0,0],"10":[0,0],"11":[0,0],"12":[0,0],"13":[0,0],"14":[0,0]}}
,"E:\\proyectos\\nodejs\\finanzly_backend\\src\\categoria\\mapper\\categoria.mapper.ts": {"path":"E:\\proyectos\\nodejs\\finanzly_backend\\src\\categoria\\mapper\\categoria.mapper.ts","statementMap":{"0":{"start":{"line":16,"column":0},"end":{"line":16,"column":16}},"1":{"start":{"line":34,"column":0},"end":{"line":34,"column":16}},"2":{"start":{"line":46,"column":0},"end":{"line":46,"column":16}},"3":{"start":{"line":17,"column":21},"end":{"line":19,"column":7}},"4":{"start":{"line":18,"column":4},"end":{"line":18,"column":57}},"5":{"start":{"line":21,"column":2},"end":{"line":27,"column":4}},"6":{"start":{"line":35,"column":2},"end":{"line":40,"column":4}},"7":{"start":{"line":47,"column":2},"end":{"line":47,"column":67}},"8":{"start":{"line":47,"column":37},"end":{"line":47,"column":65}}},"fnMap":{"0":{"name":"toCategoriaDetailRs","decl":{"start":{"line":16,"column":16},"end":{"line":16,"column":35}},"loc":{"start":{"line":16,"column":69},"end":{"line":28,"column":1}}},"1":{"name":"(anonymous_1)","decl":{"start":{"line":17,"column":48},"end":{"line":17,"column":49}},"loc":{"start":{"line":17,"column":68},"end":{"line":19,"column":3}}},"2":{"name":"toCategoriaItemRs","decl":{"start":{"line":34,"column":16},"end":{"line":34,"column":33}},"loc":{"start":{"line":34,"column":67},"end":{"line":41,"column":1}}},"3":{"name":"toCategoriasItemRsList","decl":{"start":{"line":46,"column":16},"end":{"line":46,"column":38}},"loc":{"start":{"line":46,"column":75},"end":{"line":48,"column":1}}},"4":{"name":"(anonymous_4)","decl":{"start":{"line":47,"column":24},"end":{"line":47,"column":33}},"loc":{"start":{"line":47,"column":37},"end":{"line":47,"column":65}}}},"branchMap":{},"s":{"0":1,"1":1,"2":1,"3":0,"4":0,"5":0,"6":0,"7":0,"8":0},"f":{"0":0,"1":0,"2":0,"3":0,"4":0},"b":{}}
,"E:\\proyectos\\nodejs\\finanzly_backend\\src\\categoria\\request\\categoria-create-rq.ts": {"path":"E:\\proyectos\\nodejs\\finanzly_backend\\src\\categoria\\request\\categoria-create-rq.ts","statementMap":{"0":{"start":{"line":1,"column":0},"end":{"line":1,"column":41}},"1":{"start":{"line":3,"column":33},"end":{"line":15,"column":2}},"2":{"start":{"line":3,"column":39},"end":{"line":15,"column":2}},"3":{"start":{"line":3,"column":13},"end":{"line":3,"column":33}}},"fnMap":{"0":{"name":"(anonymous_0)","decl":{"start":{"line":3,"column":33},"end":{"line":3,"column":36}},"loc":{"start":{"line":3,"column":39},"end":{"line":15,"column":2}}}},"branchMap":{},"s":{"0":1,"1":1,"2":1,"3":1},"f":{"0":1},"b":{}}
,"E:\\proyectos\\nodejs\\finanzly_backend\\src\\categoria\\request\\categoria-update-rq.ts": {"path":"E:\\proyectos\\nodejs\\finanzly_backend\\src\\categoria\\request\\categoria-update-rq.ts","statementMap":{"0":{"start":{"line":1,"column":0},"end":{"line":1,"column":41}},"1":{"start":{"line":3,"column":33},"end":{"line":17,"column":2}},"2":{"start":{"line":3,"column":39},"end":{"line":17,"column":2}},"3":{"start":{"line":3,"column":13},"end":{"line":3,"column":33}}},"fnMap":{"0":{"name":"(anonymous_0)","decl":{"start":{"line":3,"column":33},"end":{"line":3,"column":36}},"loc":{"start":{"line":3,"column":39},"end":{"line":17,"column":2}}}},"branchMap":{},"s":{"0":1,"1":1,"2":1,"3":1},"f":{"0":1},"b":{}}
,"E:\\proyectos\\nodejs\\finanzly_backend\\src\\lib\\prisma.ts": {"path":"E:\\proyectos\\nodejs\\finanzly_backend\\src\\lib\\prisma.ts","statementMap":{"0":{"start":{"line":4,"column":0},"end":{"line":4,"column":7}},"1":{"start":{"line":1,"column":0},"end":{"line":1,"column":46}},"2":{"start":{"line":2,"column":15},"end":{"line":2,"column":33}},"3":{"start":{"line":5,"column":2},"end":{"line":11,"column":3}},"4":{"start":{"line":6,"column":4},"end":{"line":6,"column":28}},"5":{"start":{"line":7,"column":4},"end":{"line":7,"column":76}},"6":{"start":{"line":9,"column":4},"end":{"line":9,"column":72}},"7":{"start":{"line":14,"column":0},"end":{"line":14,"column":22}}},"fnMap":{"0":{"name":"testConnection","decl":{"start":{"line":4,"column":22},"end":{"line":4,"column":36}},"loc":{"start":{"line":4,"column":36},"end":{"line":12,"column":1}}}},"branchMap":{},"s":{"0":1,"1":1,"2":1,"3":1,"4":1,"5":1,"6":0,"7":1},"f":{"0":1},"b":{}}
,"E:\\proyectos\\nodejs\\finanzly_backend\\src\\registro\\registro.controller.ts": {"path":"E:\\proyectos\\nodejs\\finanzly_backend\\src\\registro\\registro.controller.ts","statementMap":{"0":{"start":{"line":1,"column":0},"end":{"line":1,"column":66}},"1":{"start":{"line":2,"column":0},"end":{"line":2,"column":53}},"2":{"start":{"line":4,"column":0},"end":{"line":4,"column":86}},"3":{"start":{"line":5,"column":0},"end":{"line":5,"column":64}},"4":{"start":{"line":6,"column":0},"end":{"line":6,"column":60}},"5":{"start":{"line":9,"column":0},"end":{"line":9,"column":44}},"6":{"start":{"line":10,"column":0},"end":{"line":10,"column":61}},"7":{"start":{"line":12,"column":15},"end":{"line":12,"column":23}},"8":{"start":{"line":13,"column":24},"end":{"line":13,"column":45}},"9":{"start":{"line":16,"column":0},"end":{"line":36,"column":2}},"10":{"start":{"line":21,"column":8},"end":{"line":34,"column":9}},"11":{"start":{"line":22,"column":25},"end":{"line":22,"column":33}},"12":{"start":{"line":23,"column":32},"end":{"line":23,"column":74}},"13":{"start":{"line":25,"column":60},"end":{"line":29,"column":14}},"14":{"start":{"line":31,"column":12},"end":{"line":31,"column":43}},"15":{"start":{"line":33,"column":12},"end":{"line":33,"column":24}},"16":{"start":{"line":39,"column":0},"end":{"line":53,"column":3}},"17":{"start":{"line":40,"column":4},"end":{"line":52,"column":5}},"18":{"start":{"line":41,"column":26},"end":{"line":41,"column":65}},"19":{"start":{"line":43,"column":56},"end":{"line":47,"column":10}},"20":{"start":{"line":49,"column":8},"end":{"line":49,"column":27}},"21":{"start":{"line":51,"column":8},"end":{"line":51,"column":20}},"22":{"start":{"line":56,"column":0},"end":{"line":71,"column":3}},"23":{"start":{"line":57,"column":4},"end":{"line":70,"column":5}},"24":{"start":{"line":58,"column":19},"end":{"line":58,"column":40}},"25":{"start":{"line":59,"column":25},"end":{"line":59,"column":66}},"26":{"start":{"line":61,"column":56},"end":{"line":65,"column":10}},"27":{"start":{"line":67,"column":8},"end":{"line":67,"column":27}},"28":{"start":{"line":69,"column":8},"end":{"line":69,"column":20}},"29":{"start":{"line":74,"column":0},"end":{"line":100,"column":2}},"30":{"start":{"line":79,"column":8},"end":{"line":98,"column":9}},"31":{"start":{"line":80,"column":12},"end":{"line":82,"column":13}},"32":{"start":{"line":81,"column":16},"end":{"line":81,"column":86}},"33":{"start":{"line":84,"column":25},"end":{"line":84,"column":33}},"34":{"start":{"line":85,"column":12},"end":{"line":85,"column":null}},"35":{"start":{"line":87,"column":32},"end":{"line":87,"column":74}},"36":{"start":{"line":89,"column":60},"end":{"line":93,"column":14}},"37":{"start":{"line":95,"column":12},"end":{"line":95,"column":43}},"38":{"start":{"line":97,"column":12},"end":{"line":97,"column":24}},"39":{"start":{"line":103,"column":0},"end":{"line":118,"column":3}},"40":{"start":{"line":104,"column":4},"end":{"line":117,"column":5}},"41":{"start":{"line":105,"column":26},"end":{"line":105,"column":47}},"42":{"start":{"line":106,"column":26},"end":{"line":106,"column":80}},"43":{"start":{"line":108,"column":56},"end":{"line":112,"column":10}},"44":{"start":{"line":114,"column":8},"end":{"line":114,"column":27}},"45":{"start":{"line":116,"column":8},"end":{"line":116,"column":20}},"46":{"start":{"line":121,"column":0},"end":{"line":136,"column":3}},"47":{"start":{"line":122,"column":4},"end":{"line":135,"column":5}},"48":{"start":{"line":123,"column":28},"end":{"line":123,"column":49}},"49":{"start":{"line":124,"column":26},"end":{"line":124,"column":84}},"50":{"start":{"line":126,"column":56},"end":{"line":130,"column":10}},"51":{"start":{"line":132,"column":8},"end":{"line":132,"column":27}},"52":{"start":{"line":134,"column":8},"end":{"line":134,"column":20}},"53":{"start":{"line":140,"column":0},"end":{"line":169,"column":3}},"54":{"start":{"line":141,"column":4},"end":{"line":168,"column":5}},"55":{"start":{"line":142,"column":50},"end":{"line":142,"column":59}},"56":{"start":{"line":144,"column":8},"end":{"line":150,"column":9}},"57":{"start":{"line":145,"column":48},"end":{"line":148,"column":14}},"58":{"start":{"line":149,"column":12},"end":{"line":149,"column":50}},"59":{"start":{"line":152,"column":29},"end":{"line":152,"column":70}},"60":{"start":{"line":153,"column":26},"end":{"line":156,"column":null}},"61":{"start":{"line":159,"column":56},"end":{"line":163,"column":10}},"62":{"start":{"line":165,"column":8},"end":{"line":165,"column":27}},"63":{"start":{"line":167,"column":8},"end":{"line":167,"column":20}},"64":{"start":{"line":172,"column":0},"end":{"line":194,"column":2}},"65":{"start":{"line":177,"column":8},"end":{"line":192,"column":9}},"66":{"start":{"line":178,"column":23},"end":{"line":178,"column":44}},"67":{"start":{"line":179,"column":25},"end":{"line":179,"column":33}},"68":{"start":{"line":181,"column":36},"end":{"line":181,"column":82}},"69":{"start":{"line":183,"column":60},"end":{"line":187,"column":14}},"70":{"start":{"line":189,"column":12},"end":{"line":189,"column":43}},"71":{"start":{"line":191,"column":12},"end":{"line":191,"column":24}},"72":{"start":{"line":197,"column":0},"end":{"line":213,"column":3}},"73":{"start":{"line":198,"column":4},"end":{"line":212,"column":5}},"74":{"start":{"line":199,"column":19},"end":{"line":199,"column":40}},"75":{"start":{"line":201,"column":8},"end":{"line":201,"column":49}},"76":{"start":{"line":203,"column":44},"end":{"line":207,"column":10}},"77":{"start":{"line":209,"column":8},"end":{"line":209,"column":39}},"78":{"start":{"line":211,"column":8},"end":{"line":211,"column":20}},"79":{"start":{"line":215,"column":0},"end":{"line":215,"column":22}}},"fnMap":{"0":{"name":"(anonymous_0)","decl":{"start":{"line":20,"column":4},"end":{"line":20,"column":9}},"loc":{"start":{"line":20,"column":62},"end":{"line":35,"column":5}}},"1":{"name":"(anonymous_1)","decl":{"start":{"line":39,"column":28},"end":{"line":39,"column":33}},"loc":{"start":{"line":39,"column":87},"end":{"line":53,"column":1}}},"2":{"name":"(anonymous_2)","decl":{"start":{"line":56,"column":31},"end":{"line":56,"column":36}},"loc":{"start":{"line":56,"column":89},"end":{"line":71,"column":1}}},"3":{"name":"(anonymous_3)","decl":{"start":{"line":78,"column":4},"end":{"line":78,"column":9}},"loc":{"start":{"line":78,"column":62},"end":{"line":99,"column":5}}},"4":{"name":"(anonymous_4)","decl":{"start":{"line":103,"column":39},"end":{"line":103,"column":44}},"loc":{"start":{"line":103,"column":97},"end":{"line":118,"column":1}}},"5":{"name":"(anonymous_5)","decl":{"start":{"line":121,"column":41},"end":{"line":121,"column":46}},"loc":{"start":{"line":121,"column":99},"end":{"line":136,"column":1}}},"6":{"name":"(anonymous_6)","decl":{"start":{"line":140,"column":39},"end":{"line":140,"column":44}},"loc":{"start":{"line":140,"column":97},"end":{"line":169,"column":1}}},"7":{"name":"(anonymous_7)","decl":{"start":{"line":176,"column":4},"end":{"line":176,"column":9}},"loc":{"start":{"line":176,"column":62},"end":{"line":193,"column":5}}},"8":{"name":"(anonymous_8)","decl":{"start":{"line":197,"column":34},"end":{"line":197,"column":39}},"loc":{"start":{"line":197,"column":92},"end":{"line":213,"column":1}}}},"branchMap":{"0":{"loc":{"start":{"line":80,"column":12},"end":{"line":82,"column":13}},"type":"if","locations":[{"start":{"line":80,"column":12},"end":{"line":82,"column":13}},{"start":{},"end":{}}]},"1":{"loc":{"start":{"line":80,"column":16},"end":{"line":80,"column":41}},"type":"binary-expr","locations":[{"start":{"line":80,"column":16},"end":{"line":80,"column":25}},{"start":{"line":80,"column":29},"end":{"line":80,"column":41}}]},"2":{"loc":{"start":{"line":144,"column":8},"end":{"line":150,"column":9}},"type":"if","locations":[{"start":{"line":144,"column":8},"end":{"line":150,"column":9}},{"start":{},"end":{}}]},"3":{"loc":{"start":{"line":144,"column":12},"end":{"line":144,"column":34}},"type":"binary-expr","locations":[{"start":{"line":144,"column":12},"end":{"line":144,"column":22}},{"start":{"line":144,"column":26},"end":{"line":144,"column":34}}]},"4":{"loc":{"start":{"line":152,"column":29},"end":{"line":152,"column":70}},"type":"cond-expr","locations":[{"start":{"line":152,"column":41},"end":{"line":152,"column":58}},{"start":{"line":152,"column":61},"end":{"line":152,"column":70}}]}},"s":{"0":1,"1":1,"2":1,"3":1,"4":1,"5":1,"6":1,"7":1,"8":1,"9":1,"10":0,"11":0,"12":0,"13":0,"14":0,"15":0,"16":1,"17":0,"18":0,"19":0,"20":0,"21":0,"22":1,"23":0,"24":0,"25":0,"26":0,"27":0,"28":0,"29":1,"30":0,"31":0,"32":0,"33":0,"34":0,"35":0,"36":0,"37":0,"38":0,"39":1,"40":0,"41":0,"42":0,"43":0,"44":0,"45":0,"46":1,"47":0,"48":0,"49":0,"50":0,"51":0,"52":0,"53":1,"54":0,"55":0,"56":0,"57":0,"58":0,"59":0,"60":0,"61":0,"62":0,"63":0,"64":1,"65":0,"66":0,"67":0,"68":0,"69":0,"70":0,"71":0,"72":1,"73":0,"74":0,"75":0,"76":0,"77":0,"78":0,"79":1},"f":{"0":0,"1":0,"2":0,"3":0,"4":0,"5":0,"6":0,"7":0,"8":0},"b":{"0":[0,0],"1":[0,0],"2":[0,0],"3":[0,0],"4":[0,0]}}
,"E:\\proyectos\\nodejs\\finanzly_backend\\src\\registro\\registro.repository.ts": {"path":"E:\\proyectos\\nodejs\\finanzly_backend\\src\\registro\\registro.repository.ts","statementMap":{"0":{"start":{"line":1,"column":0},"end":{"line":1,"column":64}},"1":{"start":{"line":3,"column":15},"end":{"line":3,"column":33}},"2":{"start":{"line":7,"column":8},"end":{"line":12,"column":11}},"3":{"start":{"line":16,"column":8},"end":{"line":22,"column":11}},"4":{"start":{"line":26,"column":8},"end":{"line":33,"column":11}},"5":{"start":{"line":37,"column":8},"end":{"line":44,"column":11}},"6":{"start":{"line":48,"column":58},"end":{"line":53,"column":10}},"7":{"start":{"line":55,"column":8},"end":{"line":57,"column":9}},"8":{"start":{"line":56,"column":12},"end":{"line":56,"column":49}},"9":{"start":{"line":59,"column":8},"end":{"line":66,"column":11}},"10":{"start":{"line":70,"column":8},"end":{"line":76,"column":11}},"11":{"start":{"line":80,"column":8},"end":{"line":87,"column":11}},"12":{"start":{"line":91,"column":8},"end":{"line":93,"column":11}},"13":{"start":{"line":97,"column":24},"end":{"line":99,"column":10}},"14":{"start":{"line":100,"column":8},"end":{"line":100,"column":25}},"15":{"start":{"line":104,"column":26},"end":{"line":106,"column":10}},"16":{"start":{"line":107,"column":8},"end":{"line":107,"column":27}},"17":{"start":{"line":5,"column":0},"end":{"line":5,"column":13}}},"fnMap":{"0":{"name":"(anonymous_0)","decl":{"start":{"line":6,"column":4},"end":{"line":6,"column":9}},"loc":{"start":{"line":6,"column":16},"end":{"line":13,"column":5}}},"1":{"name":"(anonymous_1)","decl":{"start":{"line":15,"column":4},"end":{"line":15,"column":9}},"loc":{"start":{"line":15,"column":28},"end":{"line":23,"column":5}}},"2":{"name":"(anonymous_2)","decl":{"start":{"line":25,"column":4},"end":{"line":25,"column":9}},"loc":{"start":{"line":25,"column":42},"end":{"line":34,"column":5}}},"3":{"name":"(anonymous_3)","decl":{"start":{"line":36,"column":4},"end":{"line":36,"column":9}},"loc":{"start":{"line":36,"column":46},"end":{"line":45,"column":5}}},"4":{"name":"(anonymous_4)","decl":{"start":{"line":47,"column":4},"end":{"line":47,"column":9}},"loc":{"start":{"line":47,"column":75},"end":{"line":67,"column":5}}},"5":{"name":"(anonymous_5)","decl":{"start":{"line":69,"column":4},"end":{"line":69,"column":9}},"loc":{"start":{"line":69,"column":49},"end":{"line":77,"column":5}}},"6":{"name":"(anonymous_6)","decl":{"start":{"line":79,"column":4},"end":{"line":79,"column":9}},"loc":{"start":{"line":79,"column":61},"end":{"line":88,"column":5}}},"7":{"name":"(anonymous_7)","decl":{"start":{"line":90,"column":4},"end":{"line":90,"column":9}},"loc":{"start":{"line":90,"column":27},"end":{"line":94,"column":5}}},"8":{"name":"(anonymous_8)","decl":{"start":{"line":96,"column":4},"end":{"line":96,"column":9}},"loc":{"start":{"line":96,"column":46},"end":{"line":101,"column":5}}},"9":{"name":"(anonymous_9)","decl":{"start":{"line":103,"column":4},"end":{"line":103,"column":9}},"loc":{"start":{"line":103,"column":50},"end":{"line":108,"column":5}}}},"branchMap":{"0":{"loc":{"start":{"line":55,"column":8},"end":{"line":57,"column":9}},"type":"if","locations":[{"start":{"line":55,"column":8},"end":{"line":57,"column":9}},{"start":{},"end":{}}]}},"s":{"0":1,"1":1,"2":0,"3":0,"4":0,"5":0,"6":0,"7":0,"8":0,"9":0,"10":0,"11":0,"12":0,"13":0,"14":0,"15":0,"16":0,"17":1},"f":{"0":0,"1":0,"2":0,"3":0,"4":0,"5":0,"6":0,"7":0,"8":0,"9":0},"b":{"0":[0,0]}}
,"E:\\proyectos\\nodejs\\finanzly_backend\\src\\registro\\registro.service.ts": {"path":"E:\\proyectos\\nodejs\\finanzly_backend\\src\\registro\\registro.service.ts","statementMap":{"0":{"start":{"line":2,"column":0},"end":{"line":2,"column":59}},"1":{"start":{"line":5,"column":0},"end":{"line":5,"column":78}},"2":{"start":{"line":6,"column":0},"end":{"line":6,"column":85}},"3":{"start":{"line":7,"column":0},"end":{"line":7,"column":52}},"4":{"start":{"line":28,"column":33},"end":{"line":28,"column":57}},"5":{"start":{"line":32,"column":30},"end":{"line":32,"column":95}},"6":{"start":{"line":33,"column":8},"end":{"line":35,"column":9}},"7":{"start":{"line":34,"column":12},"end":{"line":34,"column":82}},"8":{"start":{"line":38,"column":32},"end":{"line":38,"column":101}},"9":{"start":{"line":39,"column":8},"end":{"line":41,"column":9}},"10":{"start":{"line":40,"column":12},"end":{"line":40,"column":84}},"11":{"start":{"line":43,"column":57},"end":{"line":55,"column":10}},"12":{"start":{"line":57,"column":25},"end":{"line":57,"column":75}},"13":{"start":{"line":58,"column":8},"end":{"line":58,"column":51}},"14":{"start":{"line":62,"column":26},"end":{"line":62,"column":64}},"15":{"start":{"line":63,"column":8},"end":{"line":63,"column":55}},"16":{"start":{"line":67,"column":25},"end":{"line":67,"column":66}},"17":{"start":{"line":68,"column":8},"end":{"line":70,"column":9}},"18":{"start":{"line":69,"column":12},"end":{"line":69,"column":71}},"19":{"start":{"line":71,"column":8},"end":{"line":71,"column":51}},"20":{"start":{"line":76,"column":30},"end":{"line":76,"column":89}},"21":{"start":{"line":77,"column":8},"end":{"line":79,"column":9}},"22":{"start":{"line":78,"column":12},"end":{"line":78,"column":82}},"23":{"start":{"line":81,"column":26},"end":{"line":81,"column":81}},"24":{"start":{"line":82,"column":8},"end":{"line":82,"column":55}},"25":{"start":{"line":87,"column":32},"end":{"line":87,"column":95}},"26":{"start":{"line":88,"column":8},"end":{"line":90,"column":9}},"27":{"start":{"line":89,"column":12},"end":{"line":89,"column":84}},"28":{"start":{"line":92,"column":26},"end":{"line":92,"column":85}},"29":{"start":{"line":93,"column":8},"end":{"line":93,"column":55}},"30":{"start":{"line":101,"column":22},"end":{"line":101,"column":52}},"31":{"start":{"line":102,"column":20},"end":{"line":102,"column":48}},"32":{"start":{"line":104,"column":8},"end":{"line":106,"column":9}},"33":{"start":{"line":105,"column":12},"end":{"line":105,"column":100}},"34":{"start":{"line":109,"column":8},"end":{"line":114,"column":9}},"35":{"start":{"line":110,"column":34},"end":{"line":110,"column":93}},"36":{"start":{"line":111,"column":12},"end":{"line":113,"column":13}},"37":{"start":{"line":112,"column":16},"end":{"line":112,"column":86}},"38":{"start":{"line":116,"column":26},"end":{"line":116,"column":93}},"39":{"start":{"line":117,"column":8},"end":{"line":117,"column":55}},"40":{"start":{"line":122,"column":33},"end":{"line":122,"column":74}},"41":{"start":{"line":123,"column":8},"end":{"line":125,"column":9}},"42":{"start":{"line":124,"column":12},"end":{"line":124,"column":71}},"43":{"start":{"line":128,"column":8},"end":{"line":133,"column":9}},"44":{"start":{"line":129,"column":34},"end":{"line":129,"column":99}},"45":{"start":{"line":130,"column":12},"end":{"line":132,"column":13}},"46":{"start":{"line":131,"column":16},"end":{"line":131,"column":86}},"47":{"start":{"line":136,"column":8},"end":{"line":141,"column":9}},"48":{"start":{"line":137,"column":36},"end":{"line":137,"column":105}},"49":{"start":{"line":138,"column":12},"end":{"line":140,"column":13}},"50":{"start":{"line":139,"column":16},"end":{"line":139,"column":88}},"51":{"start":{"line":143,"column":55},"end":{"line":143,"column":57}},"52":{"start":{"line":145,"column":8},"end":{"line":145,"column":51}},"53":{"start":{"line":145,"column":23},"end":{"line":145,"column":51}},"54":{"start":{"line":146,"column":8},"end":{"line":146,"column":72}},"55":{"start":{"line":146,"column":30},"end":{"line":146,"column":72}},"56":{"start":{"line":147,"column":8},"end":{"line":147,"column":68}},"57":{"start":{"line":147,"column":38},"end":{"line":147,"column":68}},"58":{"start":{"line":148,"column":8},"end":{"line":148,"column":101}},"59":{"start":{"line":148,"column":33},"end":{"line":148,"column":101}},"60":{"start":{"line":150,"column":8},"end":{"line":154,"column":9}},"61":{"start":{"line":151,"column":12},"end":{"line":153,"column":14}},"62":{"start":{"line":156,"column":8},"end":{"line":160,"column":9}},"63":{"start":{"line":157,"column":12},"end":{"line":159,"column":14}},"64":{"start":{"line":162,"column":32},"end":{"line":162,"column":84}},"65":{"start":{"line":163,"column":8},"end":{"line":163,"column":58}},"66":{"start":{"line":168,"column":33},"end":{"line":168,"column":74}},"67":{"start":{"line":169,"column":8},"end":{"line":171,"column":9}},"68":{"start":{"line":170,"column":12},"end":{"line":170,"column":71}},"69":{"start":{"line":173,"column":8},"end":{"line":173,"column":49}},"70":{"start":{"line":27,"column":0},"end":{"line":27,"column":13}}},"fnMap":{"0":{"name":"(anonymous_0)","decl":{"start":{"line":30,"column":4},"end":{"line":30,"column":9}},"loc":{"start":{"line":30,"column":50},"end":{"line":59,"column":5}}},"1":{"name":"(anonymous_1)","decl":{"start":{"line":61,"column":4},"end":{"line":61,"column":9}},"loc":{"start":{"line":61,"column":25},"end":{"line":64,"column":5}}},"2":{"name":"(anonymous_2)","decl":{"start":{"line":66,"column":4},"end":{"line":66,"column":9}},"loc":{"start":{"line":66,"column":36},"end":{"line":72,"column":5}}},"3":{"name":"(anonymous_3)","decl":{"start":{"line":74,"column":4},"end":{"line":74,"column":9}},"loc":{"start":{"line":74,"column":49},"end":{"line":83,"column":5}}},"4":{"name":"(anonymous_4)","decl":{"start":{"line":85,"column":4},"end":{"line":85,"column":9}},"loc":{"start":{"line":85,"column":53},"end":{"line":94,"column":5}}},"5":{"name":"(anonymous_5)","decl":{"start":{"line":96,"column":4},"end":{"line":96,"column":9}},"loc":{"start":{"line":99,"column":26},"end":{"line":118,"column":5}}},"6":{"name":"(anonymous_6)","decl":{"start":{"line":120,"column":4},"end":{"line":120,"column":9}},"loc":{"start":{"line":120,"column":62},"end":{"line":164,"column":5}}},"7":{"name":"(anonymous_7)","decl":{"start":{"line":166,"column":4},"end":{"line":166,"column":9}},"loc":{"start":{"line":166,"column":35},"end":{"line":174,"column":5}}}},"branchMap":{"0":{"loc":{"start":{"line":33,"column":8},"end":{"line":35,"column":9}},"type":"if","locations":[{"start":{"line":33,"column":8},"end":{"line":35,"column":9}},{"start":{},"end":{}}]},"1":{"loc":{"start":{"line":39,"column":8},"end":{"line":41,"column":9}},"type":"if","locations":[{"start":{"line":39,"column":8},"end":{"line":41,"column":9}},{"start":{},"end":{}}]},"2":{"loc":{"start":{"line":68,"column":8},"end":{"line":70,"column":9}},"type":"if","locations":[{"start":{"line":68,"column":8},"end":{"line":70,"column":9}},{"start":{},"end":{}}]},"3":{"loc":{"start":{"line":77,"column":8},"end":{"line":79,"column":9}},"type":"if","locations":[{"start":{"line":77,"column":8},"end":{"line":79,"column":9}},{"start":{},"end":{}}]},"4":{"loc":{"start":{"line":88,"column":8},"end":{"line":90,"column":9}},"type":"if","locations":[{"start":{"line":88,"column":8},"end":{"line":90,"column":9}},{"start":{},"end":{}}]},"5":{"loc":{"start":{"line":104,"column":8},"end":{"line":106,"column":9}},"type":"if","locations":[{"start":{"line":104,"column":8},"end":{"line":106,"column":9}},{"start":{},"end":{}}]},"6":{"loc":{"start":{"line":109,"column":8},"end":{"line":114,"column":9}},"type":"if","locations":[{"start":{"line":109,"column":8},"end":{"line":114,"column":9}},{"start":{},"end":{}}]},"7":{"loc":{"start":{"line":111,"column":12},"end":{"line":113,"column":13}},"type":"if","locations":[{"start":{"line":111,"column":12},"end":{"line":113,"column":13}},{"start":{},"end":{}}]},"8":{"loc":{"start":{"line":123,"column":8},"end":{"line":125,"column":9}},"type":"if","locations":[{"start":{"line":123,"column":8},"end":{"line":125,"column":9}},{"start":{},"end":{}}]},"9":{"loc":{"start":{"line":128,"column":8},"end":{"line":133,"column":9}},"type":"if","locations":[{"start":{"line":128,"column":8},"end":{"line":133,"column":9}},{"start":{},"end":{}}]},"10":{"loc":{"start":{"line":130,"column":12},"end":{"line":132,"column":13}},"type":"if","locations":[{"start":{"line":130,"column":12},"end":{"line":132,"column":13}},{"start":{},"end":{}}]},"11":{"loc":{"start":{"line":136,"column":8},"end":{"line":141,"column":9}},"type":"if","locations":[{"start":{"line":136,"column":8},"end":{"line":141,"column":9}},{"start":{},"end":{}}]},"12":{"loc":{"start":{"line":138,"column":12},"end":{"line":140,"column":13}},"type":"if","locations":[{"start":{"line":138,"column":12},"end":{"line":140,"column":13}},{"start":{},"end":{}}]},"13":{"loc":{"start":{"line":145,"column":8},"end":{"line":145,"column":51}},"type":"if","locations":[{"start":{"line":145,"column":8},"end":{"line":145,"column":51}},{"start":{},"end":{}}]},"14":{"loc":{"start":{"line":146,"column":8},"end":{"line":146,"column":72}},"type":"if","locations":[{"start":{"line":146,"column":8},"end":{"line":146,"column":72}},{"start":{},"end":{}}]},"15":{"loc":{"start":{"line":147,"column":8},"end":{"line":147,"column":68}},"type":"if","locations":[{"start":{"line":147,"column":8},"end":{"line":147,"column":68}},{"start":{},"end":{}}]},"16":{"loc":{"start":{"line":148,"column":8},"end":{"line":148,"column":101}},"type":"if","locations":[{"start":{"line":148,"column":8},"end":{"line":148,"column":101}},{"start":{},"end":{}}]},"17":{"loc":{"start":{"line":150,"column":8},"end":{"line":154,"column":9}},"type":"if","locations":[{"start":{"line":150,"column":8},"end":{"line":154,"column":9}},{"start":{},"end":{}}]},"18":{"loc":{"start":{"line":156,"column":8},"end":{"line":160,"column":9}},"type":"if","locations":[{"start":{"line":156,"column":8},"end":{"line":160,"column":9}},{"start":{},"end":{}}]},"19":{"loc":{"start":{"line":169,"column":8},"end":{"line":171,"column":9}},"type":"if","locations":[{"start":{"line":169,"column":8},"end":{"line":171,"column":9}},{"start":{},"end":{}}]}},"s":{"0":1,"1":1,"2":1,"3":1,"4":1,"5":0,"6":0,"7":0,"8":0,"9":0,"10":0,"11":0,"12":0,"13":0,"14":0,"15":0,"16":0,"17":0,"18":0,"19":0,"20":0,"21":0,"22":0,"23":0,"24":0,"25":0,"26":0,"27":0,"28":0,"29":0,"30":0,"31":0,"32":0,"33":0,"34":0,"35":0,"36":0,"37":0,"38":0,"39":0,"40":0,"41":0,"42":0,"43":0,"44":0,"45":0,"46":0,"47":0,"48":0,"49":0,"50":0,"51":0,"52":0,"53":0,"54":0,"55":0,"56":0,"57":0,"58":0,"59":0,"60":0,"61":0,"62":0,"63":0,"64":0,"65":0,"66":0,"67":0,"68":0,"69":0,"70":1},"f":{"0":0,"1":0,"2":0,"3":0,"4":0,"5":0,"6":0,"7":0},"b":{"0":[0,0],"1":[0,0],"2":[0,0],"3":[0,0],"4":[0,0],"5":[0,0],"6":[0,0],"7":[0,0],"8":[0,0],"9":[0,0],"10":[0,0],"11":[0,0],"12":[0,0],"13":[0,0],"14":[0,0],"15":[0,0],"16":[0,0],"17":[0,0],"18":[0,0],"19":[0,0]}}
,"E:\\proyectos\\nodejs\\finanzly_backend\\src\\registro\\mapper\\registro.mapper.ts": {"path":"E:\\proyectos\\nodejs\\finanzly_backend\\src\\registro\\mapper\\registro.mapper.ts","statementMap":{"0":{"start":{"line":18,"column":0},"end":{"line":18,"column":16}},"1":{"start":{"line":42,"column":0},"end":{"line":42,"column":16}},"2":{"start":{"line":64,"column":0},"end":{"line":64,"column":16}},"3":{"start":{"line":4,"column":0},"end":{"line":4,"column":51}},"4":{"start":{"line":19,"column":2},"end":{"line":35,"column":4}},"5":{"start":{"line":43,"column":2},"end":{"line":58,"column":4}},"6":{"start":{"line":65,"column":2},"end":{"line":65,"column":63}},"7":{"start":{"line":65,"column":35},"end":{"line":65,"column":61}}},"fnMap":{"0":{"name":"toRegistroDetailRs","decl":{"start":{"line":18,"column":16},"end":{"line":18,"column":34}},"loc":{"start":{"line":18,"column":66},"end":{"line":36,"column":1}}},"1":{"name":"toRegistroItemRs","decl":{"start":{"line":42,"column":16},"end":{"line":42,"column":32}},"loc":{"start":{"line":42,"column":64},"end":{"line":59,"column":1}}},"2":{"name":"toRegistrosItemRsList","decl":{"start":{"line":64,"column":16},"end":{"line":64,"column":37}},"loc":{"start":{"line":64,"column":72},"end":{"line":66,"column":1}}},"3":{"name":"(anonymous_3)","decl":{"start":{"line":65,"column":23},"end":{"line":65,"column":31}},"loc":{"start":{"line":65,"column":35},"end":{"line":65,"column":61}}}},"branchMap":{},"s":{"0":1,"1":1,"2":1,"3":1,"4":0,"5":0,"6":0,"7":0},"f":{"0":0,"1":0,"2":0,"3":0},"b":{}}
,"E:\\proyectos\\nodejs\\finanzly_backend\\src\\registro\\request\\registro-create-rq.ts": {"path":"E:\\proyectos\\nodejs\\finanzly_backend\\src\\registro\\request\\registro-create-rq.ts","statementMap":{"0":{"start":{"line":1,"column":0},"end":{"line":1,"column":41}},"1":{"start":{"line":3,"column":32},"end":{"line":31,"column":2}},"2":{"start":{"line":3,"column":38},"end":{"line":31,"column":2}},"3":{"start":{"line":3,"column":13},"end":{"line":3,"column":32}},"4":{"start":{"line":33,"column":36},"end":{"line":57,"column":2}},"5":{"start":{"line":33,"column":42},"end":{"line":57,"column":2}},"6":{"start":{"line":33,"column":13},"end":{"line":33,"column":36}}},"fnMap":{"0":{"name":"(anonymous_0)","decl":{"start":{"line":3,"column":32},"end":{"line":3,"column":35}},"loc":{"start":{"line":3,"column":38},"end":{"line":31,"column":2}}},"1":{"name":"(anonymous_1)","decl":{"start":{"line":33,"column":36},"end":{"line":33,"column":39}},"loc":{"start":{"line":33,"column":42},"end":{"line":57,"column":2}}}},"branchMap":{},"s":{"0":1,"1":1,"2":1,"3":1,"4":1,"5":1,"6":1},"f":{"0":1,"1":1},"b":{}}
,"E:\\proyectos\\nodejs\\finanzly_backend\\src\\registro\\request\\registro-update-rq.ts": {"path":"E:\\proyectos\\nodejs\\finanzly_backend\\src\\registro\\request\\registro-update-rq.ts","statementMap":{"0":{"start":{"line":1,"column":0},"end":{"line":1,"column":41}},"1":{"start":{"line":3,"column":32},"end":{"line":33,"column":2}},"2":{"start":{"line":3,"column":38},"end":{"line":33,"column":2}},"3":{"start":{"line":3,"column":13},"end":{"line":3,"column":32}}},"fnMap":{"0":{"name":"(anonymous_0)","decl":{"start":{"line":3,"column":32},"end":{"line":3,"column":35}},"loc":{"start":{"line":3,"column":38},"end":{"line":33,"column":2}}}},"branchMap":{},"s":{"0":1,"1":1,"2":1,"3":1},"f":{"0":1},"b":{}}
,"E:\\proyectos\\nodejs\\finanzly_backend\\src\\routes\\routes.ts": {"path":"E:\\proyectos\\nodejs\\finanzly_backend\\src\\routes\\routes.ts","statementMap":{"0":{"start":{"line":1,"column":0},"end":{"line":1,"column":33}},"1":{"start":{"line":2,"column":0},"end":{"line":2,"column":53}},"2":{"start":{"line":3,"column":0},"end":{"line":3,"column":62}},"3":{"start":{"line":4,"column":0},"end":{"line":4,"column":65}},"4":{"start":{"line":5,"column":0},"end":{"line":5,"column":68}},"5":{"start":{"line":7,"column":15},"end":{"line":7,"column":23}},"6":{"start":{"line":9,"column":0},"end":{"line":9,"column":null}},"7":{"start":{"line":10,"column":0},"end":{"line":10,"column":43}},"8":{"start":{"line":11,"column":0},"end":{"line":11,"column":45}},"9":{"start":{"line":12,"column":0},"end":{"line":12,"column":47}},"10":{"start":{"line":14,"column":0},"end":{"line":14,"column":22}}},"fnMap":{},"branchMap":{},"s":{"0":1,"1":1,"2":1,"3":1,"4":1,"5":1,"6":1,"7":1,"8":1,"9":1,"10":1},"f":{},"b":{}}
,"E:\\proyectos\\nodejs\\finanzly_backend\\src\\usuario\\usuario.controller.ts": {"path":"E:\\proyectos\\nodejs\\finanzly_backend\\src\\usuario\\usuario.controller.ts","statementMap":{"0":{"start":{"line":1,"column":0},"end":{"line":1,"column":66}},"1":{"start":{"line":2,"column":0},"end":{"line":2,"column":51}},"2":{"start":{"line":5,"column":0},"end":{"line":5,"column":59}},"3":{"start":{"line":6,"column":0},"end":{"line":6,"column":60}},"4":{"start":{"line":8,"column":0},"end":{"line":8,"column":61}},"5":{"start":{"line":10,"column":15},"end":{"line":10,"column":23}},"6":{"start":{"line":11,"column":23},"end":{"line":11,"column":43}},"7":{"start":{"line":14,"column":0},"end":{"line":34,"column":2}},"8":{"start":{"line":19,"column":8},"end":{"line":32,"column":9}},"9":{"start":{"line":20,"column":25},"end":{"line":20,"column":33}},"10":{"start":{"line":21,"column":31},"end":{"line":21,"column":71}},"11":{"start":{"line":23,"column":59},"end":{"line":27,"column":14}},"12":{"start":{"line":29,"column":12},"end":{"line":29,"column":43}},"13":{"start":{"line":31,"column":12},"end":{"line":31,"column":24}},"14":{"start":{"line":38,"column":0},"end":{"line":50,"column":3}},"15":{"start":{"line":39,"column":4},"end":{"line":49,"column":5}},"16":{"start":{"line":40,"column":25},"end":{"line":40,"column":62}},"17":{"start":{"line":41,"column":55},"end":{"line":45,"column":10}},"18":{"start":{"line":46,"column":8},"end":{"line":46,"column":27}},"19":{"start":{"line":48,"column":8},"end":{"line":48,"column":20}},"20":{"start":{"line":54,"column":0},"end":{"line":72,"column":3}},"21":{"start":{"line":58,"column":4},"end":{"line":71,"column":5}},"22":{"start":{"line":59,"column":19},"end":{"line":59,"column":40}},"23":{"start":{"line":60,"column":24},"end":{"line":60,"column":63}},"24":{"start":{"line":62,"column":55},"end":{"line":66,"column":10}},"25":{"start":{"line":68,"column":8},"end":{"line":68,"column":27}},"26":{"start":{"line":70,"column":8},"end":{"line":70,"column":20}},"27":{"start":{"line":78,"column":0},"end":{"line":101,"column":2}},"28":{"start":{"line":84,"column":8},"end":{"line":99,"column":9}},"29":{"start":{"line":85,"column":23},"end":{"line":85,"column":44}},"30":{"start":{"line":86,"column":25},"end":{"line":86,"column":33}},"31":{"start":{"line":88,"column":35},"end":{"line":88,"column":79}},"32":{"start":{"line":90,"column":59},"end":{"line":94,"column":14}},"33":{"start":{"line":96,"column":12},"end":{"line":96,"column":43}},"34":{"start":{"line":98,"column":12},"end":{"line":98,"column":24}},"35":{"start":{"line":104,"column":0},"end":{"line":124,"column":2}},"36":{"start":{"line":108,"column":8},"end":{"line":122,"column":9}},"37":{"start":{"line":109,"column":23},"end":{"line":109,"column":44}},"38":{"start":{"line":111,"column":12},"end":{"line":111,"column":51}},"39":{"start":{"line":113,"column":48},"end":{"line":117,"column":14}},"40":{"start":{"line":119,"column":12},"end":{"line":119,"column":43}},"41":{"start":{"line":121,"column":12},"end":{"line":121,"column":24}},"42":{"start":{"line":126,"column":0},"end":{"line":126,"column":22}}},"fnMap":{"0":{"name":"(anonymous_0)","decl":{"start":{"line":18,"column":4},"end":{"line":18,"column":9}},"loc":{"start":{"line":18,"column":62},"end":{"line":33,"column":5}}},"1":{"name":"(anonymous_1)","decl":{"start":{"line":38,"column":28},"end":{"line":38,"column":33}},"loc":{"start":{"line":38,"column":87},"end":{"line":50,"column":1}}},"2":{"name":"(anonymous_2)","decl":{"start":{"line":57,"column":4},"end":{"line":57,"column":9}},"loc":{"start":{"line":57,"column":62},"end":{"line":72,"column":1}}},"3":{"name":"(anonymous_3)","decl":{"start":{"line":83,"column":4},"end":{"line":83,"column":9}},"loc":{"start":{"line":83,"column":62},"end":{"line":100,"column":5}}},"4":{"name":"(anonymous_4)","decl":{"start":{"line":107,"column":4},"end":{"line":107,"column":9}},"loc":{"start":{"line":107,"column":62},"end":{"line":123,"column":5}}}},"branchMap":{},"s":{"0":1,"1":1,"2":1,"3":1,"4":1,"5":1,"6":1,"7":1,"8":0,"9":0,"10":0,"11":0,"12":0,"13":0,"14":1,"15":0,"16":0,"17":0,"18":0,"19":0,"20":1,"21":0,"22":0,"23":0,"24":0,"25":0,"26":0,"27":1,"28":0,"29":0,"30":0,"31":0,"32":0,"33":0,"34":0,"35":1,"36":0,"37":0,"38":0,"39":0,"40":0,"41":0,"42":1},"f":{"0":0,"1":0,"2":0,"3":0,"4":0},"b":{}}
,"E:\\proyectos\\nodejs\\finanzly_backend\\src\\usuario\\usuario.repository.ts": {"path":"E:\\proyectos\\nodejs\\finanzly_backend\\src\\usuario\\usuario.repository.ts","statementMap":{"0":{"start":{"line":1,"column":0},"end":{"line":1,"column":63}},"1":{"start":{"line":3,"column":15},"end":{"line":3,"column":33}},"2":{"start":{"line":7,"column":8},"end":{"line":7,"column":47}},"3":{"start":{"line":11,"column":8},"end":{"line":14,"column":11}},"4":{"start":{"line":18,"column":8},"end":{"line":20,"column":11}},"5":{"start":{"line":24,"column":8},"end":{"line":26,"column":11}},"6":{"start":{"line":31,"column":8},"end":{"line":34,"column":11}},"7":{"start":{"line":38,"column":8},"end":{"line":40,"column":11}},"8":{"start":{"line":5,"column":0},"end":{"line":5,"column":13}}},"fnMap":{"0":{"name":"(anonymous_0)","decl":{"start":{"line":6,"column":4},"end":{"line":6,"column":9}},"loc":{"start":{"line":6,"column":16},"end":{"line":8,"column":5}}},"1":{"name":"(anonymous_1)","decl":{"start":{"line":10,"column":4},"end":{"line":10,"column":9}},"loc":{"start":{"line":10,"column":28},"end":{"line":15,"column":5}}},"2":{"name":"(anonymous_2)","decl":{"start":{"line":17,"column":4},"end":{"line":17,"column":9}},"loc":{"start":{"line":17,"column":48},"end":{"line":21,"column":5}}},"3":{"name":"(anonymous_3)","decl":{"start":{"line":23,"column":4},"end":{"line":23,"column":9}},"loc":{"start":{"line":23,"column":34},"end":{"line":27,"column":5}}},"4":{"name":"(anonymous_4)","decl":{"start":{"line":30,"column":4},"end":{"line":30,"column":9}},"loc":{"start":{"line":30,"column":60},"end":{"line":35,"column":5}}},"5":{"name":"(anonymous_5)","decl":{"start":{"line":37,"column":4},"end":{"line":37,"column":9}},"loc":{"start":{"line":37,"column":27},"end":{"line":41,"column":5}}}},"branchMap":{},"s":{"0":1,"1":1,"2":0,"3":0,"4":0,"5":0,"6":0,"7":0,"8":1},"f":{"0":0,"1":0,"2":0,"3":0,"4":0,"5":0},"b":{}}
,"E:\\proyectos\\nodejs\\finanzly_backend\\src\\usuario\\usuario.service.ts": {"path":"E:\\proyectos\\nodejs\\finanzly_backend\\src\\usuario\\usuario.service.ts","statementMap":{"0":{"start":{"line":2,"column":0},"end":{"line":2,"column":57}},"1":{"start":{"line":4,"column":0},"end":{"line":4,"column":85}},"2":{"start":{"line":5,"column":0},"end":{"line":5,"column":57}},"3":{"start":{"line":6,"column":0},"end":{"line":6,"column":47}},"4":{"start":{"line":9,"column":32},"end":{"line":9,"column":55}},"5":{"start":{"line":12,"column":32},"end":{"line":12,"column":84}},"6":{"start":{"line":13,"column":8},"end":{"line":15,"column":9}},"7":{"start":{"line":14,"column":12},"end":{"line":14,"column":78}},"8":{"start":{"line":18,"column":23},"end":{"line":18,"column":55}},"9":{"start":{"line":19,"column":8},"end":{"line":19,"column":33}},"10":{"start":{"line":21,"column":24},"end":{"line":21,"column":65}},"11":{"start":{"line":22,"column":8},"end":{"line":22,"column":39}},"12":{"start":{"line":26,"column":8},"end":{"line":26,"column":53}},"13":{"start":{"line":30,"column":24},"end":{"line":30,"column":64}},"14":{"start":{"line":31,"column":8},"end":{"line":33,"column":9}},"15":{"start":{"line":32,"column":12},"end":{"line":32,"column":70}},"16":{"start":{"line":34,"column":8},"end":{"line":34,"column":39}},"17":{"start":{"line":39,"column":32},"end":{"line":39,"column":72}},"18":{"start":{"line":40,"column":8},"end":{"line":42,"column":9}},"19":{"start":{"line":41,"column":12},"end":{"line":41,"column":70}},"20":{"start":{"line":44,"column":31},"end":{"line":44,"column":76}},"21":{"start":{"line":45,"column":8},"end":{"line":45,"column":46}},"22":{"start":{"line":50,"column":32},"end":{"line":50,"column":72}},"23":{"start":{"line":51,"column":8},"end":{"line":53,"column":9}},"24":{"start":{"line":52,"column":12},"end":{"line":52,"column":70}},"25":{"start":{"line":55,"column":8},"end":{"line":55,"column":48}},"26":{"start":{"line":8,"column":0},"end":{"line":8,"column":13}}},"fnMap":{"0":{"name":"(anonymous_0)","decl":{"start":{"line":11,"column":4},"end":{"line":11,"column":9}},"loc":{"start":{"line":11,"column":55},"end":{"line":23,"column":5}}},"1":{"name":"(anonymous_1)","decl":{"start":{"line":25,"column":4},"end":{"line":25,"column":9}},"loc":{"start":{"line":25,"column":24},"end":{"line":27,"column":5}}},"2":{"name":"(anonymous_2)","decl":{"start":{"line":29,"column":4},"end":{"line":29,"column":9}},"loc":{"start":{"line":29,"column":35},"end":{"line":35,"column":5}}},"3":{"name":"(anonymous_3)","decl":{"start":{"line":37,"column":4},"end":{"line":37,"column":9}},"loc":{"start":{"line":37,"column":67},"end":{"line":46,"column":5}}},"4":{"name":"(anonymous_4)","decl":{"start":{"line":48,"column":4},"end":{"line":48,"column":9}},"loc":{"start":{"line":48,"column":34},"end":{"line":56,"column":5}}}},"branchMap":{"0":{"loc":{"start":{"line":13,"column":8},"end":{"line":15,"column":9}},"type":"if","locations":[{"start":{"line":13,"column":8},"end":{"line":15,"column":9}},{"start":{},"end":{}}]},"1":{"loc":{"start":{"line":31,"column":8},"end":{"line":33,"column":9}},"type":"if","locations":[{"start":{"line":31,"column":8},"end":{"line":33,"column":9}},{"start":{},"end":{}}]},"2":{"loc":{"start":{"line":40,"column":8},"end":{"line":42,"column":9}},"type":"if","locations":[{"start":{"line":40,"column":8},"end":{"line":42,"column":9}},{"start":{},"end":{}}]},"3":{"loc":{"start":{"line":51,"column":8},"end":{"line":53,"column":9}},"type":"if","locations":[{"start":{"line":51,"column":8},"end":{"line":53,"column":9}},{"start":{},"end":{}}]}},"s":{"0":1,"1":1,"2":1,"3":1,"4":1,"5":0,"6":0,"7":0,"8":0,"9":0,"10":0,"11":0,"12":0,"13":0,"14":0,"15":0,"16":0,"17":0,"18":0,"19":0,"20":0,"21":0,"22":0,"23":0,"24":0,"25":0,"26":1},"f":{"0":0,"1":0,"2":0,"3":0,"4":0},"b":{"0":[0,0],"1":[0,0],"2":[0,0],"3":[0,0]}}
,"E:\\proyectos\\nodejs\\finanzly_backend\\src\\usuario\\mapper\\usuario.mapper.ts": {"path":"E:\\proyectos\\nodejs\\finanzly_backend\\src\\usuario\\mapper\\usuario.mapper.ts","statementMap":{"0":{"start":{"line":4,"column":0},"end":{"line":4,"column":16}},"1":{"start":{"line":5,"column":2},"end":{"line":10,"column":4}}},"fnMap":{"0":{"name":"toUserDetailRs","decl":{"start":{"line":4,"column":16},"end":{"line":4,"column":30}},"loc":{"start":{"line":4,"column":47},"end":{"line":11,"column":1}}}},"branchMap":{},"s":{"0":1,"1":0},"f":{"0":0},"b":{}}
,"E:\\proyectos\\nodejs\\finanzly_backend\\src\\usuario\\request\\usuario-create-rq.ts": {"path":"E:\\proyectos\\nodejs\\finanzly_backend\\src\\usuario\\request\\usuario-create-rq.ts","statementMap":{"0":{"start":{"line":1,"column":0},"end":{"line":1,"column":41}},"1":{"start":{"line":3,"column":28},"end":{"line":19,"column":null}},"2":{"start":{"line":3,"column":34},"end":{"line":19,"column":null}},"3":{"start":{"line":3,"column":13},"end":{"line":3,"column":28}}},"fnMap":{"0":{"name":"(anonymous_0)","decl":{"start":{"line":3,"column":28},"end":{"line":3,"column":31}},"loc":{"start":{"line":3,"column":34},"end":{"line":19,"column":null}}}},"branchMap":{},"s":{"0":1,"1":1,"2":2,"3":1},"f":{"0":2},"b":{}}
,"E:\\proyectos\\nodejs\\finanzly_backend\\src\\usuario\\request\\usuario-update-rq.ts": {"path":"E:\\proyectos\\nodejs\\finanzly_backend\\src\\usuario\\request\\usuario-update-rq.ts","statementMap":{"0":{"start":{"line":1,"column":0},"end":{"line":1,"column":41}},"1":{"start":{"line":3,"column":28},"end":{"line":22,"column":2}},"2":{"start":{"line":3,"column":34},"end":{"line":22,"column":2}},"3":{"start":{"line":3,"column":13},"end":{"line":3,"column":28}}},"fnMap":{"0":{"name":"(anonymous_0)","decl":{"start":{"line":3,"column":28},"end":{"line":3,"column":31}},"loc":{"start":{"line":3,"column":34},"end":{"line":22,"column":2}}}},"branchMap":{},"s":{"0":0,"1":0,"2":0,"3":0},"f":{"0":0},"b":{}}
,"E:\\proyectos\\nodejs\\finanzly_backend\\src\\utils\\auth.ts": {"path":"E:\\proyectos\\nodejs\\finanzly_backend\\src\\utils\\auth.ts","statementMap":{"0":{"start":{"line":28,"column":0},"end":{"line":28,"column":16}},"1":{"start":{"line":37,"column":0},"end":{"line":37,"column":16}},"2":{"start":{"line":43,"column":0},"end":{"line":43,"column":16}},"3":{"start":{"line":53,"column":0},"end":{"line":53,"column":16}},"4":{"start":{"line":57,"column":0},"end":{"line":57,"column":16}},"5":{"start":{"line":2,"column":0},"end":{"line":2,"column":28}},"6":{"start":{"line":3,"column":0},"end":{"line":3,"column":47}},"7":{"start":{"line":4,"column":0},"end":{"line":4,"column":28}},"8":{"start":{"line":5,"column":0},"end":{"line":5,"column":121}},"9":{"start":{"line":7,"column":17},"end":{"line":12,"column":2}},"10":{"start":{"line":29,"column":2},"end":{"line":33,"column":3}},"11":{"start":{"line":30,"column":4},"end":{"line":30,"column":61}},"12":{"start":{"line":32,"column":4},"end":{"line":32,"column":17}},"13":{"start":{"line":38,"column":15},"end":{"line":38,"column":37}},"14":{"start":{"line":39,"column":2},"end":{"line":39,"column":41}},"15":{"start":{"line":44,"column":18},"end":{"line":44,"column":29}},"16":{"start":{"line":45,"column":20},"end":{"line":45,"column":76}},"17":{"start":{"line":47,"column":2},"end":{"line":50,"column":5}},"18":{"start":{"line":54,"column":2},"end":{"line":54,"column":48}},"19":{"start":{"line":58,"column":25},"end":{"line":58,"column":35}},"20":{"start":{"line":59,"column":2},"end":{"line":59,"column":88}},"21":{"start":{"line":60,"column":2},"end":{"line":60,"column":24}},"22":{"start":{"line":63,"column":27},"end":{"line":94,"column":1}},"23":{"start":{"line":67,"column":21},"end":{"line":67,"column":49}},"24":{"start":{"line":68,"column":2},"end":{"line":70,"column":3}},"25":{"start":{"line":69,"column":4},"end":{"line":69,"column":37}},"26":{"start":{"line":73,"column":2},"end":{"line":75,"column":3}},"27":{"start":{"line":74,"column":4},"end":{"line":74,"column":30}},"28":{"start":{"line":78,"column":2},"end":{"line":80,"column":3}},"29":{"start":{"line":79,"column":4},"end":{"line":79,"column":52}},"30":{"start":{"line":82,"column":2},"end":{"line":93,"column":3}},"31":{"start":{"line":83,"column":20},"end":{"line":83,"column":58}},"32":{"start":{"line":85,"column":4},"end":{"line":87,"column":5}},"33":{"start":{"line":86,"column":6},"end":{"line":86,"column":53}},"34":{"start":{"line":89,"column":4},"end":{"line":89,"column":38}},"35":{"start":{"line":90,"column":4},"end":{"line":90,"column":11}},"36":{"start":{"line":92,"column":4},"end":{"line":92,"column":62}},"37":{"start":{"line":63,"column":13},"end":{"line":63,"column":27}},"38":{"start":{"line":99,"column":31},"end":{"line":108,"column":1}},"39":{"start":{"line":100,"column":18},"end":{"line":100,"column":31}},"40":{"start":{"line":101,"column":2},"end":{"line":101,"column":77}},"41":{"start":{"line":101,"column":16},"end":{"line":101,"column":77}},"42":{"start":{"line":103,"column":2},"end":{"line":105,"column":3}},"43":{"start":{"line":104,"column":4},"end":{"line":104,"column":78}},"44":{"start":{"line":107,"column":2},"end":{"line":107,"column":9}},"45":{"start":{"line":99,"column":13},"end":{"line":99,"column":31}},"46":{"start":{"line":110,"column":13},"end":{"line":116,"column":2}}},"fnMap":{"0":{"name":"verifyPassword","decl":{"start":{"line":28,"column":16},"end":{"line":28,"column":30}},"loc":{"start":{"line":28,"column":76},"end":{"line":34,"column":1}}},"1":{"name":"getPasswordHash","decl":{"start":{"line":37,"column":16},"end":{"line":37,"column":31}},"loc":{"start":{"line":37,"column":48},"end":{"line":40,"column":1}}},"2":{"name":"createAccessToken","decl":{"start":{"line":43,"column":16},"end":{"line":43,"column":33}},"loc":{"start":{"line":43,"column":72},"end":{"line":51,"column":1}}},"3":{"name":"createRefreshToken","decl":{"start":{"line":53,"column":16},"end":{"line":53,"column":34}},"loc":{"start":{"line":53,"column":34},"end":{"line":55,"column":1}}},"4":{"name":"getRefreshTokenExpiration","decl":{"start":{"line":57,"column":16},"end":{"line":57,"column":41}},"loc":{"start":{"line":57,"column":41},"end":{"line":61,"column":1}}},"5":{"name":"(anonymous_6)","decl":{"start":{"line":63,"column":27},"end":{"line":63,"column":28}},"loc":{"start":{"line":63,"column":79},"end":{"line":94,"column":1}}},"6":{"name":"(anonymous_7)","decl":{"start":{"line":99,"column":31},"end":{"line":99,"column":32}},"loc":{"start":{"line":99,"column":83},"end":{"line":108,"column":1}}}},"branchMap":{"0":{"loc":{"start":{"line":10,"column":14},"end":{"line":10,"column":72}},"type":"binary-expr","locations":[{"start":{"line":10,"column":14},"end":{"line":10,"column":43}},{"start":{"line":10,"column":47},"end":{"line":10,"column":72}}]},"1":{"loc":{"start":{"line":11,"column":22},"end":{"line":11,"column":89}},"type":"binary-expr","locations":[{"start":{"line":11,"column":22},"end":{"line":11,"column":52}},{"start":{"line":11,"column":56},"end":{"line":11,"column":89}}]},"2":{"loc":{"start":{"line":43,"column":49},"end":{"line":43,"column":72}},"type":"default-arg","locations":[{"start":{"line":43,"column":68},"end":{"line":43,"column":72}}]},"3":{"loc":{"start":{"line":45,"column":20},"end":{"line":45,"column":76}},"type":"binary-expr","locations":[{"start":{"line":45,"column":20},"end":{"line":45,"column":36}},{"start":{"line":45,"column":40},"end":{"line":45,"column":76}}]},"4":{"loc":{"start":{"line":68,"column":2},"end":{"line":70,"column":3}},"type":"if","locations":[{"start":{"line":68,"column":2},"end":{"line":70,"column":3}},{"start":{},"end":{}}]},"5":{"loc":{"start":{"line":73,"column":2},"end":{"line":75,"column":3}},"type":"if","locations":[{"start":{"line":73,"column":2},"end":{"line":75,"column":3}},{"start":{},"end":{}}]},"6":{"loc":{"start":{"line":73,"column":6},"end":{"line":73,"column":27}},"type":"binary-expr","locations":[{"start":{"line":73,"column":6},"end":{"line":73,"column":12}},{"start":{"line":73,"column":16},"end":{"line":73,"column":27}}]},"7":{"loc":{"start":{"line":78,"column":2},"end":{"line":80,"column":3}},"type":"if","locations":[{"start":{"line":78,"column":2},"end":{"line":80,"column":3}},{"start":{},"end":{}}]},"8":{"loc":{"start":{"line":85,"column":4},"end":{"line":87,"column":5}},"type":"if","locations":[{"start":{"line":85,"column":4},"end":{"line":87,"column":5}},{"start":{},"end":{}}]},"9":{"loc":{"start":{"line":101,"column":2},"end":{"line":101,"column":77}},"type":"if","locations":[{"start":{"line":101,"column":2},"end":{"line":101,"column":77}},{"start":{},"end":{}}]},"10":{"loc":{"start":{"line":103,"column":2},"end":{"line":105,"column":3}},"type":"if","locations":[{"start":{"line":103,"column":2},"end":{"line":105,"column":3}},{"start":{},"end":{}}]}},"s":{"0":1,"1":1,"2":1,"3":1,"4":1,"5":1,"6":1,"7":1,"8":1,"9":1,"10":0,"11":0,"12":0,"13":0,"14":0,"15":0,"16":0,"17":0,"18":0,"19":0,"20":0,"21":0,"22":1,"23":0,"24":0,"25":0,"26":0,"27":0,"28":0,"29":0,"30":0,"31":0,"32":0,"33":0,"34":0,"35":0,"36":0,"37":1,"38":1,"39":0,"40":0,"41":0,"42":0,"43":0,"44":0,"45":1,"46":1},"f":{"0":0,"1":0,"2":0,"3":0,"4":0,"5":0,"6":0},"b":{"0":[1,1],"1":[1,1],"2":[0],"3":[0,0],"4":[0,0],"5":[0,0],"6":[0,0],"7":[0,0],"8":[0,0],"9":[0,0],"10":[0,0]}}
,"E:\\proyectos\\nodejs\\finanzly_backend\\src\\utils\\date.ts": {"path":"E:\\proyectos\\nodejs\\finanzly_backend\\src\\utils\\date.ts","statementMap":{"0":{"start":{"line":11,"column":0},"end":{"line":11,"column":16}},"1":{"start":{"line":26,"column":0},"end":{"line":26,"column":16}},"2":{"start":{"line":39,"column":0},"end":{"line":39,"column":16}},"3":{"start":{"line":12,"column":2},"end":{"line":12,"column":40}},"4":{"start":{"line":12,"column":28},"end":{"line":12,"column":40}},"5":{"start":{"line":13,"column":2},"end":{"line":13,"column":39}},"6":{"start":{"line":27,"column":2},"end":{"line":27,"column":42}},"7":{"start":{"line":40,"column":2},"end":{"line":40,"column":28}}},"fnMap":{"0":{"name":"parseDateToDateTime","decl":{"start":{"line":11,"column":16},"end":{"line":11,"column":35}},"loc":{"start":{"line":11,"column":55},"end":{"line":14,"column":1}}},"1":{"name":"formatDateToYYYYMMDD","decl":{"start":{"line":26,"column":16},"end":{"line":26,"column":36}},"loc":{"start":{"line":26,"column":47},"end":{"line":28,"column":1}}},"2":{"name":"formatDateToISO","decl":{"start":{"line":39,"column":16},"end":{"line":39,"column":31}},"loc":{"start":{"line":39,"column":42},"end":{"line":41,"column":1}}}},"branchMap":{"0":{"loc":{"start":{"line":12,"column":2},"end":{"line":12,"column":40}},"type":"if","locations":[{"start":{"line":12,"column":2},"end":{"line":12,"column":40}},{"start":{},"end":{}}]}},"s":{"0":1,"1":1,"2":1,"3":0,"4":0,"5":0,"6":0,"7":0},"f":{"0":0,"1":0,"2":0},"b":{"0":[0,0]}}
,"E:\\proyectos\\nodejs\\finanzly_backend\\src\\utils\\error-handler.ts": {"path":"E:\\proyectos\\nodejs\\finanzly_backend\\src\\utils\\error-handler.ts","statementMap":{"0":{"start":{"line":4,"column":0},"end":{"line":4,"column":16}},"1":{"start":{"line":2,"column":0},"end":{"line":2,"column":42}},"2":{"start":{"line":10,"column":2},"end":{"line":15,"column":3}},"3":{"start":{"line":11,"column":4},"end":{"line":14,"column":7}},"4":{"start":{"line":17,"column":2},"end":{"line":17,"column":60}},"5":{"start":{"line":19,"column":2},"end":{"line":22,"column":5}}},"fnMap":{"0":{"name":"errorHandler","decl":{"start":{"line":4,"column":16},"end":{"line":4,"column":28}},"loc":{"start":{"line":8,"column":21},"end":{"line":23,"column":1}}}},"branchMap":{"0":{"loc":{"start":{"line":10,"column":2},"end":{"line":15,"column":3}},"type":"if","locations":[{"start":{"line":10,"column":2},"end":{"line":15,"column":3}},{"start":{},"end":{}}]}},"s":{"0":1,"1":1,"2":0,"3":0,"4":0,"5":0},"f":{"0":0},"b":{"0":[0,0]}}
,"E:\\proyectos\\nodejs\\finanzly_backend\\src\\utils\\error-types.ts": {"path":"E:\\proyectos\\nodejs\\finanzly_backend\\src\\utils\\error-types.ts","statementMap":{"0":{"start":{"line":5,"column":8},"end":{"line":5,"column":23}},"1":{"start":{"line":6,"column":8},"end":{"line":6,"column":42}},"2":{"start":{"line":7,"column":8},"end":{"line":7,"column":37}},"3":{"start":{"line":8,"column":8},"end":{"line":8,"column":56}},"4":{"start":{"line":1,"column":0},"end":{"line":1,"column":13}},"5":{"start":{"line":14,"column":8},"end":{"line":14,"column":28}},"6":{"start":{"line":12,"column":0},"end":{"line":12,"column":13}},"7":{"start":{"line":20,"column":4},"end":{"line":20,"column":24}},"8":{"start":{"line":18,"column":0},"end":{"line":18,"column":13}},"9":{"start":{"line":26,"column":4},"end":{"line":26,"column":24}},"10":{"start":{"line":24,"column":0},"end":{"line":24,"column":13}},"11":{"start":{"line":32,"column":4},"end":{"line":32,"column":24}},"12":{"start":{"line":30,"column":0},"end":{"line":30,"column":13}},"13":{"start":{"line":38,"column":4},"end":{"line":38,"column":24}},"14":{"start":{"line":36,"column":0},"end":{"line":36,"column":13}}},"fnMap":{"0":{"name":"(anonymous_0)","decl":{"start":{"line":4,"column":4},"end":{"line":4,"column":16}},"loc":{"start":{"line":4,"column":51},"end":{"line":9,"column":5}}},"1":{"name":"(anonymous_1)","decl":{"start":{"line":13,"column":4},"end":{"line":13,"column":16}},"loc":{"start":{"line":13,"column":48},"end":{"line":15,"column":5}}},"2":{"name":"(anonymous_2)","decl":{"start":{"line":19,"column":2},"end":{"line":19,"column":14}},"loc":{"start":{"line":19,"column":39},"end":{"line":21,"column":3}}},"3":{"name":"(anonymous_3)","decl":{"start":{"line":25,"column":2},"end":{"line":25,"column":14}},"loc":{"start":{"line":25,"column":42},"end":{"line":27,"column":3}}},"4":{"name":"(anonymous_4)","decl":{"start":{"line":31,"column":2},"end":{"line":31,"column":14}},"loc":{"start":{"line":31,"column":47},"end":{"line":33,"column":3}}},"5":{"name":"(anonymous_5)","decl":{"start":{"line":37,"column":2},"end":{"line":37,"column":14}},"loc":{"start":{"line":37,"column":43},"end":{"line":39,"column":3}}}},"branchMap":{"0":{"loc":{"start":{"line":13,"column":16},"end":{"line":13,"column":48}},"type":"default-arg","locations":[{"start":{"line":13,"column":26},"end":{"line":13,"column":48}}]},"1":{"loc":{"start":{"line":19,"column":14},"end":{"line":19,"column":39}},"type":"default-arg","locations":[{"start":{"line":19,"column":24},"end":{"line":19,"column":39}}]},"2":{"loc":{"start":{"line":25,"column":14},"end":{"line":25,"column":42}},"type":"default-arg","locations":[{"start":{"line":25,"column":24},"end":{"line":25,"column":42}}]},"3":{"loc":{"start":{"line":31,"column":14},"end":{"line":31,"column":47}},"type":"default-arg","locations":[{"start":{"line":31,"column":24},"end":{"line":31,"column":47}}]},"4":{"loc":{"start":{"line":37,"column":14},"end":{"line":37,"column":43}},"type":"default-arg","locations":[{"start":{"line":37,"column":24},"end":{"line":37,"column":43}}]}},"s":{"0":0,"1":0,"2":0,"3":0,"4":1,"5":0,"6":1,"7":0,"8":1,"9":0,"10":1,"11":0,"12":1,"13":0,"14":1},"f":{"0":0,"1":0,"2":0,"3":0,"4":0,"5":0},"b":{"0":[0],"1":[0],"2":[0],"3":[0],"4":[0]}}
,"E:\\proyectos\\nodejs\\finanzly_backend\\src\\utils\\validate-request.ts": {"path":"E:\\proyectos\\nodejs\\finanzly_backend\\src\\utils\\validate-request.ts","statementMap":{"0":{"start":{"line":1,"column":0},"end":{"line":1,"column":53}},"1":{"start":{"line":5,"column":31},"end":{"line":34,"column":1}},"2":{"start":{"line":5,"column":74},"end":{"line":34,"column":1}},"3":{"start":{"line":10,"column":17},"end":{"line":10,"column":38}},"4":{"start":{"line":12,"column":2},"end":{"line":31,"column":3}},"5":{"start":{"line":13,"column":45},"end":{"line":21,"column":6}},"6":{"start":{"line":14,"column":6},"end":{"line":19,"column":7}},"7":{"start":{"line":15,"column":8},"end":{"line":18,"column":11}},"8":{"start":{"line":20,"column":6},"end":{"line":20,"column":16}},"9":{"start":{"line":23,"column":40},"end":{"line":27,"column":6}},"10":{"start":{"line":29,"column":4},"end":{"line":29,"column":35}},"11":{"start":{"line":30,"column":4},"end":{"line":30,"column":11}},"12":{"start":{"line":33,"column":2},"end":{"line":33,"column":9}},"13":{"start":{"line":5,"column":13},"end":{"line":5,"column":31}}},"fnMap":{"0":{"name":"(anonymous_0)","decl":{"start":{"line":5,"column":31},"end":{"line":5,"column":32}},"loc":{"start":{"line":5,"column":74},"end":{"line":34,"column":1}}},"1":{"name":"(anonymous_1)","decl":{"start":{"line":5,"column":74},"end":{"line":5,"column":null}},"loc":{"start":{"line":9,"column":10},"end":{"line":34,"column":1}}},"2":{"name":"(anonymous_2)","decl":{"start":{"line":13,"column":68},"end":{"line":13,"column":71}},"loc":{"start":{"line":13,"column":74},"end":{"line":21,"column":5}}}},"branchMap":{"0":{"loc":{"start":{"line":5,"column":32},"end":{"line":5,"column":69}},"type":"default-arg","locations":[{"start":{"line":5,"column":48},"end":{"line":5,"column":69}}]},"1":{"loc":{"start":{"line":12,"column":2},"end":{"line":31,"column":3}},"type":"if","locations":[{"start":{"line":12,"column":2},"end":{"line":31,"column":3}},{"start":{},"end":{}}]},"2":{"loc":{"start":{"line":14,"column":6},"end":{"line":19,"column":7}},"type":"if","locations":[{"start":{"line":14,"column":6},"end":{"line":19,"column":7}},{"start":{},"end":{}}]},"3":{"loc":{"start":{"line":17,"column":19},"end":{"line":17,"column":75}},"type":"cond-expr","locations":[{"start":{"line":17,"column":49},"end":{"line":17,"column":56}},{"start":{"line":17,"column":59},"end":{"line":17,"column":75}}]}},"s":{"0":1,"1":1,"2":9,"3":0,"4":0,"5":0,"6":0,"7":0,"8":0,"9":0,"10":0,"11":0,"12":0,"13":1},"f":{"0":9,"1":0,"2":0},"b":{"0":[0],"1":[0,0],"2":[0,0],"3":[0,0]}}
}
