TN:
SF:src\auth\auth.controller.ts
FN:17,(anonymous_0)
FN:38,(anonymous_1)
FN:59,(anonymous_2)
FN:96,(anonymous_3)
FNF:4
FNH:0
FNDA:0,(anonymous_0)
FNDA:0,(anonymous_1)
FNDA:0,(anonymous_2)
FNDA:0,(anonymous_3)
DA:1,1
DA:2,1
DA:4,1
DA:5,1
DA:6,1
DA:9,1
DA:11,1
DA:12,1
DA:14,1
DA:18,0
DA:19,0
DA:20,0
DA:22,0
DA:28,0
DA:30,0
DA:35,1
DA:39,0
DA:40,0
DA:41,0
DA:43,0
DA:45,0
DA:51,0
DA:53,0
DA:58,1
DA:60,0
DA:62,0
DA:64,0
DA:65,0
DA:72,0
DA:75,0
DA:77,0
DA:86,0
DA:88,0
DA:94,1
DA:97,0
DA:98,0
DA:102,0
DA:108,0
DA:110,0
DA:115,1
LF:40
LH:13
BRDA:64,0,0,0
BRDA:64,0,1,0
BRF:2
BRH:0
end_of_record
TN:
SF:src\auth\auth.repository.ts
FN:6,(anonymous_0)
FN:12,(anonymous_1)
FN:18,(anonymous_2)
FN:24,(anonymous_3)
FN:38,(anonymous_4)
FN:49,(anonymous_5)
FNF:6
FNH:0
FNDA:0,(anonymous_0)
FNDA:0,(anonymous_1)
FNDA:0,(anonymous_2)
FNDA:0,(anonymous_3)
FNDA:0,(anonymous_4)
FNDA:0,(anonymous_5)
DA:1,1
DA:3,1
DA:5,1
DA:7,0
DA:13,0
DA:19,0
DA:29,0
DA:39,0
DA:50,0
LF:9
LH:3
BRF:0
BRH:0
end_of_record
TN:
SF:src\auth\auth.service.ts
FN:12,(anonymous_0)
FN:26,(anonymous_1)
FN:62,(anonymous_2)
FNF:3
FNH:0
FNDA:0,(anonymous_0)
FNDA:0,(anonymous_1)
FNDA:0,(anonymous_2)
DA:2,1
DA:5,1
DA:6,1
DA:7,1
DA:9,1
DA:10,1
DA:13,0
DA:14,0
DA:15,0
DA:19,0
DA:21,0
DA:23,0
DA:27,0
DA:29,0
DA:30,0
DA:34,0
DA:35,0
DA:36,0
DA:39,0
DA:41,0
DA:43,0
DA:44,0
DA:46,0
DA:52,0
DA:59,0
DA:64,0
DA:66,0
DA:67,0
DA:71,0
DA:72,0
DA:76,0
DA:78,0
DA:79,0
DA:83,0
DA:86,0
DA:88,0
DA:89,0
DA:92,0
DA:95,0
DA:98,0
DA:99,0
DA:102,0
DA:108,0
LF:43
LH:6
BRDA:14,0,0,0
BRDA:14,0,1,0
BRDA:29,1,0,0
BRDA:29,1,1,0
BRDA:35,2,0,0
BRDA:35,2,1,0
BRDA:66,3,0,0
BRDA:66,3,1,0
BRDA:71,4,0,0
BRDA:71,4,1,0
BRDA:76,5,0,0
BRDA:76,5,1,0
BRDA:88,6,0,0
BRDA:88,6,1,0
BRF:14
BRH:0
end_of_record
TN:
SF:src\auth\mapper\auth.mapper.ts
FN:12,toAuthLoginRs
FN:21,toUserRs
FNF:2
FNH:0
FNDA:0,toAuthLoginRs
FNDA:0,toUserRs
DA:12,1
DA:13,0
DA:21,1
DA:22,0
LF:4
LH:2
BRF:0
BRH:0
end_of_record
TN:
SF:src\auth\request\auth-login-rq.ts
FN:3,(anonymous_0)
FNF:1
FNH:1
FNDA:1,(anonymous_0)
DA:1,1
DA:3,1
LF:2
LH:2
BRF:0
BRH:0
end_of_record
TN:
SF:src\auth\request\auth-register-rq.ts
FN:3,(anonymous_0)
FNF:1
FNH:1
FNDA:1,(anonymous_0)
DA:1,1
DA:3,1
LF:2
LH:2
BRF:0
BRH:0
end_of_record
TN:
SF:src\categoria\categoria.controller.ts
FN:20,(anonymous_0)
FN:39,(anonymous_1)
FN:56,(anonymous_2)
FN:74,(anonymous_3)
FN:92,(anonymous_4)
FN:110,(anonymous_5)
FN:132,(anonymous_6)
FN:153,(anonymous_7)
FNF:8
FNH:0
FNDA:0,(anonymous_0)
FNDA:0,(anonymous_1)
FNDA:0,(anonymous_2)
FNDA:0,(anonymous_3)
FNDA:0,(anonymous_4)
FNDA:0,(anonymous_5)
FNDA:0,(anonymous_6)
FNDA:0,(anonymous_7)
DA:1,1
DA:2,1
DA:4,1
DA:5,1
DA:6,1
DA:10,1
DA:12,1
DA:13,1
DA:16,1
DA:21,0
DA:22,0
DA:23,0
DA:25,0
DA:31,0
DA:33,0
DA:39,1
DA:40,0
DA:41,0
DA:43,0
DA:49,0
DA:51,0
DA:56,1
DA:57,0
DA:58,0
DA:59,0
DA:61,0
DA:67,0
DA:69,0
DA:74,1
DA:75,0
DA:76,0
DA:77,0
DA:79,0
DA:85,0
DA:87,0
DA:92,1
DA:93,0
DA:94,0
DA:95,0
DA:97,0
DA:103,0
DA:105,0
DA:110,1
DA:111,0
DA:112,0
DA:113,0
DA:115,0
DA:121,0
DA:123,0
DA:128,1
DA:133,0
DA:134,0
DA:135,0
DA:137,0
DA:139,0
DA:145,0
DA:147,0
DA:153,1
DA:154,0
DA:155,0
DA:157,0
DA:159,0
DA:165,0
DA:167,0
DA:171,1
LF:65
LH:17
BRF:0
BRH:0
end_of_record
TN:
SF:src\categoria\categoria.repository.ts
FN:6,(anonymous_0)
FN:14,(anonymous_1)
FN:23,(anonymous_2)
FN:33,(anonymous_3)
FN:44,(anonymous_4)
FN:56,(anonymous_5)
FN:71,(anonymous_6)
FN:80,(anonymous_7)
FN:90,(anonymous_8)
FN:96,(anonymous_9)
FN:103,(anonymous_10)
FN:114,(anonymous_11)
FNF:12
FNH:0
FNDA:0,(anonymous_0)
FNDA:0,(anonymous_1)
FNDA:0,(anonymous_2)
FNDA:0,(anonymous_3)
FNDA:0,(anonymous_4)
FNDA:0,(anonymous_5)
FNDA:0,(anonymous_6)
FNDA:0,(anonymous_7)
FNDA:0,(anonymous_8)
FNDA:0,(anonymous_9)
FNDA:0,(anonymous_10)
FNDA:0,(anonymous_11)
DA:1,1
DA:3,1
DA:5,1
DA:7,0
DA:15,0
DA:24,0
DA:34,0
DA:45,0
DA:57,0
DA:72,0
DA:81,0
DA:91,0
DA:97,0
DA:100,0
DA:104,0
DA:115,0
DA:125,0
LF:17
LH:3
BRDA:127,0,0,0
BRDA:127,0,1,0
BRF:2
BRH:0
end_of_record
TN:
SF:src\categoria\categoria.service.ts
FN:23,(anonymous_0)
FN:39,(anonymous_1)
FN:44,(anonymous_2)
FN:52,(anonymous_3)
FN:63,(anonymous_4)
FN:74,(anonymous_5)
FN:106,(anonymous_6)
FN:122,(anonymous_7)
FNF:8
FNH:0
FNDA:0,(anonymous_0)
FNDA:0,(anonymous_1)
FNDA:0,(anonymous_2)
FNDA:0,(anonymous_3)
FNDA:0,(anonymous_4)
FNDA:0,(anonymous_5)
FNDA:0,(anonymous_6)
FNDA:0,(anonymous_7)
DA:2,1
DA:5,1
DA:6,1
DA:7,1
DA:20,1
DA:21,1
DA:25,0
DA:26,0
DA:27,0
DA:30,0
DA:35,0
DA:36,0
DA:40,0
DA:41,0
DA:45,0
DA:46,0
DA:47,0
DA:49,0
DA:54,0
DA:55,0
DA:56,0
DA:59,0
DA:60,0
DA:65,0
DA:66,0
DA:67,0
DA:70,0
DA:71,0
DA:76,0
DA:77,0
DA:78,0
DA:82,0
DA:83,0
DA:84,0
DA:86,0
DA:92,0
DA:93,0
DA:97,0
DA:99,0
DA:100,0
DA:102,0
DA:103,0
DA:108,0
DA:109,0
DA:110,0
DA:114,0
DA:115,0
DA:116,0
DA:119,0
DA:124,0
DA:125,0
DA:126,0
DA:129,0
DA:131,0
LF:54
LH:6
BRDA:26,0,0,0
BRDA:26,0,1,0
BRDA:46,1,0,0
BRDA:46,1,1,0
BRDA:55,2,0,0
BRDA:55,2,1,0
BRDA:66,3,0,0
BRDA:66,3,1,0
BRDA:77,4,0,0
BRDA:77,4,1,0
BRDA:82,5,0,0
BRDA:82,5,1,0
BRDA:82,6,0,0
BRDA:82,6,1,0
BRDA:83,7,0,0
BRDA:83,7,1,0
BRDA:84,8,0,0
BRDA:84,8,1,0
BRDA:92,9,0,0
BRDA:92,9,1,0
BRDA:99,10,0,0
BRDA:99,10,1,0
BRDA:100,11,0,0
BRDA:100,11,1,0
BRDA:109,12,0,0
BRDA:109,12,1,0
BRDA:115,13,0,0
BRDA:115,13,1,0
BRDA:125,14,0,0
BRDA:125,14,1,0
BRF:30
BRH:0
end_of_record
TN:
SF:src\categoria\mapper\categoria.mapper.ts
FN:16,toCategoriaDetailRs
FN:17,(anonymous_1)
FN:34,toCategoriaItemRs
FN:46,toCategoriasItemRsList
FN:47,(anonymous_4)
FNF:5
FNH:0
FNDA:0,toCategoriaDetailRs
FNDA:0,(anonymous_1)
FNDA:0,toCategoriaItemRs
FNDA:0,toCategoriasItemRsList
FNDA:0,(anonymous_4)
DA:16,1
DA:17,0
DA:18,0
DA:21,0
DA:34,1
DA:35,0
DA:46,1
DA:47,0
LF:8
LH:3
BRF:0
BRH:0
end_of_record
TN:
SF:src\categoria\request\categoria-create-rq.ts
FN:3,(anonymous_0)
FNF:1
FNH:1
FNDA:1,(anonymous_0)
DA:1,1
DA:3,1
LF:2
LH:2
BRF:0
BRH:0
end_of_record
TN:
SF:src\categoria\request\categoria-update-rq.ts
FN:3,(anonymous_0)
FNF:1
FNH:1
FNDA:1,(anonymous_0)
DA:1,1
DA:3,1
LF:2
LH:2
BRF:0
BRH:0
end_of_record
TN:
SF:src\lib\prisma.ts
FN:4,testConnection
FNF:1
FNH:1
FNDA:1,testConnection
DA:1,1
DA:2,1
DA:4,1
DA:5,1
DA:6,1
DA:7,1
DA:9,0
DA:14,1
LF:8
LH:7
BRF:0
BRH:0
end_of_record
TN:
SF:src\registro\registro.controller.ts
FN:20,(anonymous_0)
FN:39,(anonymous_1)
FN:56,(anonymous_2)
FN:78,(anonymous_3)
FN:103,(anonymous_4)
FN:121,(anonymous_5)
FN:140,(anonymous_6)
FN:176,(anonymous_7)
FN:197,(anonymous_8)
FNF:9
FNH:0
FNDA:0,(anonymous_0)
FNDA:0,(anonymous_1)
FNDA:0,(anonymous_2)
FNDA:0,(anonymous_3)
FNDA:0,(anonymous_4)
FNDA:0,(anonymous_5)
FNDA:0,(anonymous_6)
FNDA:0,(anonymous_7)
FNDA:0,(anonymous_8)
DA:1,1
DA:2,1
DA:4,1
DA:5,1
DA:6,1
DA:9,1
DA:10,1
DA:12,1
DA:13,1
DA:16,1
DA:21,0
DA:22,0
DA:23,0
DA:25,0
DA:31,0
DA:33,0
DA:39,1
DA:40,0
DA:41,0
DA:43,0
DA:49,0
DA:51,0
DA:56,1
DA:57,0
DA:58,0
DA:59,0
DA:61,0
DA:67,0
DA:69,0
DA:74,1
DA:79,0
DA:80,0
DA:81,0
DA:84,0
DA:85,0
DA:87,0
DA:89,0
DA:95,0
DA:97,0
DA:103,1
DA:104,0
DA:105,0
DA:106,0
DA:108,0
DA:114,0
DA:116,0
DA:121,1
DA:122,0
DA:123,0
DA:124,0
DA:126,0
DA:132,0
DA:134,0
DA:140,1
DA:141,0
DA:142,0
DA:144,0
DA:145,0
DA:149,0
DA:152,0
DA:153,0
DA:159,0
DA:165,0
DA:167,0
DA:172,1
DA:177,0
DA:178,0
DA:179,0
DA:181,0
DA:183,0
DA:189,0
DA:191,0
DA:197,1
DA:198,0
DA:199,0
DA:201,0
DA:203,0
DA:209,0
DA:211,0
DA:215,1
LF:80
LH:19
BRDA:80,0,0,0
BRDA:80,0,1,0
BRDA:80,1,0,0
BRDA:80,1,1,0
BRDA:144,2,0,0
BRDA:144,2,1,0
BRDA:144,3,0,0
BRDA:144,3,1,0
BRDA:152,4,0,0
BRDA:152,4,1,0
BRF:10
BRH:0
end_of_record
TN:
SF:src\registro\registro.repository.ts
FN:6,(anonymous_0)
FN:15,(anonymous_1)
FN:25,(anonymous_2)
FN:36,(anonymous_3)
FN:47,(anonymous_4)
FN:69,(anonymous_5)
FN:79,(anonymous_6)
FN:90,(anonymous_7)
FN:96,(anonymous_8)
FN:103,(anonymous_9)
FNF:10
FNH:0
FNDA:0,(anonymous_0)
FNDA:0,(anonymous_1)
FNDA:0,(anonymous_2)
FNDA:0,(anonymous_3)
FNDA:0,(anonymous_4)
FNDA:0,(anonymous_5)
FNDA:0,(anonymous_6)
FNDA:0,(anonymous_7)
FNDA:0,(anonymous_8)
FNDA:0,(anonymous_9)
DA:1,1
DA:3,1
DA:5,1
DA:7,0
DA:16,0
DA:26,0
DA:37,0
DA:48,0
DA:55,0
DA:56,0
DA:59,0
DA:70,0
DA:80,0
DA:91,0
DA:97,0
DA:100,0
DA:104,0
DA:107,0
LF:18
LH:3
BRDA:55,0,0,0
BRDA:55,0,1,0
BRF:2
BRH:0
end_of_record
TN:
SF:src\registro\registro.service.ts
FN:30,(anonymous_0)
FN:61,(anonymous_1)
FN:66,(anonymous_2)
FN:74,(anonymous_3)
FN:85,(anonymous_4)
FN:96,(anonymous_5)
FN:120,(anonymous_6)
FN:166,(anonymous_7)
FNF:8
FNH:0
FNDA:0,(anonymous_0)
FNDA:0,(anonymous_1)
FNDA:0,(anonymous_2)
FNDA:0,(anonymous_3)
FNDA:0,(anonymous_4)
FNDA:0,(anonymous_5)
FNDA:0,(anonymous_6)
FNDA:0,(anonymous_7)
DA:2,1
DA:5,1
DA:6,1
DA:7,1
DA:27,1
DA:28,1
DA:32,0
DA:33,0
DA:34,0
DA:38,0
DA:39,0
DA:40,0
DA:43,0
DA:57,0
DA:58,0
DA:62,0
DA:63,0
DA:67,0
DA:68,0
DA:69,0
DA:71,0
DA:76,0
DA:77,0
DA:78,0
DA:81,0
DA:82,0
DA:87,0
DA:88,0
DA:89,0
DA:92,0
DA:93,0
DA:101,0
DA:102,0
DA:104,0
DA:105,0
DA:109,0
DA:110,0
DA:111,0
DA:112,0
DA:116,0
DA:117,0
DA:122,0
DA:123,0
DA:124,0
DA:128,0
DA:129,0
DA:130,0
DA:131,0
DA:136,0
DA:137,0
DA:138,0
DA:139,0
DA:143,0
DA:145,0
DA:146,0
DA:147,0
DA:148,0
DA:150,0
DA:151,0
DA:156,0
DA:157,0
DA:162,0
DA:163,0
DA:168,0
DA:169,0
DA:170,0
DA:173,0
LF:67
LH:6
BRDA:33,0,0,0
BRDA:33,0,1,0
BRDA:39,1,0,0
BRDA:39,1,1,0
BRDA:68,2,0,0
BRDA:68,2,1,0
BRDA:77,3,0,0
BRDA:77,3,1,0
BRDA:88,4,0,0
BRDA:88,4,1,0
BRDA:104,5,0,0
BRDA:104,5,1,0
BRDA:109,6,0,0
BRDA:109,6,1,0
BRDA:111,7,0,0
BRDA:111,7,1,0
BRDA:123,8,0,0
BRDA:123,8,1,0
BRDA:128,9,0,0
BRDA:128,9,1,0
BRDA:130,10,0,0
BRDA:130,10,1,0
BRDA:136,11,0,0
BRDA:136,11,1,0
BRDA:138,12,0,0
BRDA:138,12,1,0
BRDA:145,13,0,0
BRDA:145,13,1,0
BRDA:146,14,0,0
BRDA:146,14,1,0
BRDA:147,15,0,0
BRDA:147,15,1,0
BRDA:148,16,0,0
BRDA:148,16,1,0
BRDA:150,17,0,0
BRDA:150,17,1,0
BRDA:156,18,0,0
BRDA:156,18,1,0
BRDA:169,19,0,0
BRDA:169,19,1,0
BRF:40
BRH:0
end_of_record
TN:
SF:src\registro\mapper\registro.mapper.ts
FN:18,toRegistroDetailRs
FN:42,toRegistroItemRs
FN:64,toRegistrosItemRsList
FN:65,(anonymous_3)
FNF:4
FNH:0
FNDA:0,toRegistroDetailRs
FNDA:0,toRegistroItemRs
FNDA:0,toRegistrosItemRsList
FNDA:0,(anonymous_3)
DA:4,1
DA:18,1
DA:19,0
DA:42,1
DA:43,0
DA:64,1
DA:65,0
LF:7
LH:4
BRF:0
BRH:0
end_of_record
TN:
SF:src\registro\request\registro-create-rq.ts
FN:3,(anonymous_0)
FN:33,(anonymous_1)
FNF:2
FNH:2
FNDA:1,(anonymous_0)
FNDA:1,(anonymous_1)
DA:1,1
DA:3,1
DA:33,1
LF:3
LH:3
BRF:0
BRH:0
end_of_record
TN:
SF:src\registro\request\registro-update-rq.ts
FN:3,(anonymous_0)
FNF:1
FNH:1
FNDA:1,(anonymous_0)
DA:1,1
DA:3,1
LF:2
LH:2
BRF:0
BRH:0
end_of_record
TN:
SF:src\routes\routes.ts
FNF:0
FNH:0
DA:1,1
DA:2,1
DA:3,1
DA:4,1
DA:5,1
DA:7,1
DA:9,1
DA:10,1
DA:11,1
DA:12,1
DA:14,1
LF:11
LH:11
BRF:0
BRH:0
end_of_record
TN:
SF:src\usuario\usuario.controller.ts
FN:18,(anonymous_0)
FN:38,(anonymous_1)
FN:57,(anonymous_2)
FN:83,(anonymous_3)
FN:107,(anonymous_4)
FNF:5
FNH:0
FNDA:0,(anonymous_0)
FNDA:0,(anonymous_1)
FNDA:0,(anonymous_2)
FNDA:0,(anonymous_3)
FNDA:0,(anonymous_4)
DA:1,1
DA:2,1
DA:5,1
DA:6,1
DA:8,1
DA:10,1
DA:11,1
DA:14,1
DA:19,0
DA:20,0
DA:21,0
DA:23,0
DA:29,0
DA:31,0
DA:38,1
DA:39,0
DA:40,0
DA:41,0
DA:46,0
DA:48,0
DA:54,1
DA:58,0
DA:59,0
DA:60,0
DA:62,0
DA:68,0
DA:70,0
DA:78,1
DA:84,0
DA:85,0
DA:86,0
DA:88,0
DA:90,0
DA:96,0
DA:98,0
DA:104,1
DA:108,0
DA:109,0
DA:111,0
DA:113,0
DA:119,0
DA:121,0
DA:126,1
LF:43
LH:13
BRF:0
BRH:0
end_of_record
TN:
SF:src\usuario\usuario.repository.ts
FN:6,(anonymous_0)
FN:10,(anonymous_1)
FN:17,(anonymous_2)
FN:23,(anonymous_3)
FN:30,(anonymous_4)
FN:37,(anonymous_5)
FNF:6
FNH:0
FNDA:0,(anonymous_0)
FNDA:0,(anonymous_1)
FNDA:0,(anonymous_2)
FNDA:0,(anonymous_3)
FNDA:0,(anonymous_4)
FNDA:0,(anonymous_5)
DA:1,1
DA:3,1
DA:5,1
DA:7,0
DA:11,0
DA:18,0
DA:24,0
DA:31,0
DA:38,0
LF:9
LH:3
BRF:0
BRH:0
end_of_record
TN:
SF:src\usuario\usuario.service.ts
FN:11,(anonymous_0)
FN:25,(anonymous_1)
FN:29,(anonymous_2)
FN:37,(anonymous_3)
FN:48,(anonymous_4)
FNF:5
FNH:0
FNDA:0,(anonymous_0)
FNDA:0,(anonymous_1)
FNDA:0,(anonymous_2)
FNDA:0,(anonymous_3)
FNDA:0,(anonymous_4)
DA:2,1
DA:4,1
DA:5,1
DA:6,1
DA:8,1
DA:9,1
DA:12,0
DA:13,0
DA:14,0
DA:18,0
DA:19,0
DA:21,0
DA:22,0
DA:26,0
DA:30,0
DA:31,0
DA:32,0
DA:34,0
DA:39,0
DA:40,0
DA:41,0
DA:44,0
DA:45,0
DA:50,0
DA:51,0
DA:52,0
DA:55,0
LF:27
LH:6
BRDA:13,0,0,0
BRDA:13,0,1,0
BRDA:31,1,0,0
BRDA:31,1,1,0
BRDA:40,2,0,0
BRDA:40,2,1,0
BRDA:51,3,0,0
BRDA:51,3,1,0
BRF:8
BRH:0
end_of_record
TN:
SF:src\usuario\mapper\usuario.mapper.ts
FN:4,toUserDetailRs
FNF:1
FNH:0
FNDA:0,toUserDetailRs
DA:4,1
DA:5,0
LF:2
LH:1
BRF:0
BRH:0
end_of_record
TN:
SF:src\usuario\request\usuario-create-rq.ts
FN:3,(anonymous_0)
FNF:1
FNH:1
FNDA:2,(anonymous_0)
DA:1,1
DA:3,2
LF:2
LH:2
BRF:0
BRH:0
end_of_record
TN:
SF:src\usuario\request\usuario-update-rq.ts
FN:3,(anonymous_0)
FNF:1
FNH:0
FNDA:0,(anonymous_0)
DA:1,0
DA:3,0
LF:2
LH:0
BRF:0
BRH:0
end_of_record
TN:
SF:src\utils\auth.ts
FN:28,verifyPassword
FN:37,getPasswordHash
FN:43,createAccessToken
FN:53,createRefreshToken
FN:57,getRefreshTokenExpiration
FN:63,(anonymous_6)
FN:99,(anonymous_7)
FNF:7
FNH:0
FNDA:0,verifyPassword
FNDA:0,getPasswordHash
FNDA:0,createAccessToken
FNDA:0,createRefreshToken
FNDA:0,getRefreshTokenExpiration
FNDA:0,(anonymous_6)
FNDA:0,(anonymous_7)
DA:2,1
DA:3,1
DA:4,1
DA:5,1
DA:7,1
DA:28,1
DA:29,0
DA:30,0
DA:32,0
DA:37,1
DA:38,0
DA:39,0
DA:43,1
DA:44,0
DA:45,0
DA:47,0
DA:53,1
DA:54,0
DA:57,1
DA:58,0
DA:59,0
DA:60,0
DA:63,1
DA:67,0
DA:68,0
DA:69,0
DA:73,0
DA:74,0
DA:78,0
DA:79,0
DA:82,0
DA:83,0
DA:85,0
DA:86,0
DA:89,0
DA:90,0
DA:92,0
DA:99,1
DA:100,0
DA:101,0
DA:103,0
DA:104,0
DA:107,0
DA:110,1
LF:44
LH:13
BRDA:10,0,0,1
BRDA:10,0,1,1
BRDA:11,1,0,1
BRDA:11,1,1,1
BRDA:43,2,0,0
BRDA:45,3,0,0
BRDA:45,3,1,0
BRDA:68,4,0,0
BRDA:68,4,1,0
BRDA:73,5,0,0
BRDA:73,5,1,0
BRDA:73,6,0,0
BRDA:73,6,1,0
BRDA:78,7,0,0
BRDA:78,7,1,0
BRDA:85,8,0,0
BRDA:85,8,1,0
BRDA:101,9,0,0
BRDA:101,9,1,0
BRDA:103,10,0,0
BRDA:103,10,1,0
BRF:21
BRH:4
end_of_record
TN:
SF:src\utils\date.ts
FN:11,parseDateToDateTime
FN:26,formatDateToYYYYMMDD
FN:39,formatDateToISO
FNF:3
FNH:0
FNDA:0,parseDateToDateTime
FNDA:0,formatDateToYYYYMMDD
FNDA:0,formatDateToISO
DA:11,1
DA:12,0
DA:13,0
DA:26,1
DA:27,0
DA:39,1
DA:40,0
LF:7
LH:3
BRDA:12,0,0,0
BRDA:12,0,1,0
BRF:2
BRH:0
end_of_record
TN:
SF:src\utils\error-handler.ts
FN:4,errorHandler
FNF:1
FNH:0
FNDA:0,errorHandler
DA:2,1
DA:4,1
DA:10,0
DA:11,0
DA:17,0
DA:19,0
LF:6
LH:2
BRDA:10,0,0,0
BRDA:10,0,1,0
BRF:2
BRH:0
end_of_record
TN:
SF:src\utils\error-types.ts
FN:4,(anonymous_0)
FN:13,(anonymous_1)
FN:19,(anonymous_2)
FN:25,(anonymous_3)
FN:31,(anonymous_4)
FN:37,(anonymous_5)
FNF:6
FNH:0
FNDA:0,(anonymous_0)
FNDA:0,(anonymous_1)
FNDA:0,(anonymous_2)
FNDA:0,(anonymous_3)
FNDA:0,(anonymous_4)
FNDA:0,(anonymous_5)
DA:1,1
DA:5,0
DA:6,0
DA:7,0
DA:8,0
DA:12,1
DA:14,0
DA:18,1
DA:20,0
DA:24,1
DA:26,0
DA:30,1
DA:32,0
DA:36,1
DA:38,0
LF:15
LH:6
BRDA:13,0,0,0
BRDA:19,1,0,0
BRDA:25,2,0,0
BRDA:31,3,0,0
BRDA:37,4,0,0
BRF:5
BRH:0
end_of_record
TN:
SF:src\utils\validate-request.ts
FN:5,(anonymous_0)
FN:5,(anonymous_1)
FN:13,(anonymous_2)
FNF:3
FNH:1
FNDA:9,(anonymous_0)
FNDA:0,(anonymous_1)
FNDA:0,(anonymous_2)
DA:1,1
DA:5,9
DA:10,0
DA:12,0
DA:13,0
DA:14,0
DA:15,0
DA:20,0
DA:23,0
DA:29,0
DA:30,0
DA:33,0
LF:12
LH:2
BRDA:5,0,0,0
BRDA:12,1,0,0
BRDA:12,1,1,0
BRDA:14,2,0,0
BRDA:14,2,1,0
BRDA:17,3,0,0
BRDA:17,3,1,0
BRF:7
BRH:0
end_of_record
